{"/home/biniox/Pulpit/newYourWallet-API/app.js": {"path":"/home/biniox/Pulpit/newYourWallet-API/app.js","statementMap":{"0":{"start":{"line":1,"column":16},"end":{"line":1,"column":34}},"1":{"start":{"line":2,"column":13},"end":{"line":2,"column":28}},"2":{"start":{"line":3,"column":21},"end":{"line":3,"column":45}},"3":{"start":{"line":4,"column":15},"end":{"line":4,"column":32}},"4":{"start":{"line":6,"column":20},"end":{"line":6,"column":45}},"5":{"start":{"line":7,"column":22},"end":{"line":7,"column":47}},"6":{"start":{"line":8,"column":23},"end":{"line":8,"column":51}},"7":{"start":{"line":9,"column":22},"end":{"line":9,"column":49}},"8":{"start":{"line":10,"column":22},"end":{"line":10,"column":49}},"9":{"start":{"line":12,"column":12},"end":{"line":12,"column":21}},"10":{"start":{"line":14,"column":0},"end":{"line":14,"column":23}},"11":{"start":{"line":15,"column":0},"end":{"line":15,"column":24}},"12":{"start":{"line":16,"column":0},"end":{"line":16,"column":49}},"13":{"start":{"line":17,"column":0},"end":{"line":17,"column":24}},"14":{"start":{"line":18,"column":0},"end":{"line":18,"column":56}},"15":{"start":{"line":19,"column":0},"end":{"line":22,"column":3}},"16":{"start":{"line":20,"column":4},"end":{"line":20,"column":37}},"17":{"start":{"line":21,"column":4},"end":{"line":21,"column":11}},"18":{"start":{"line":25,"column":0},"end":{"line":25,"column":26}},"19":{"start":{"line":26,"column":0},"end":{"line":26,"column":31}},"20":{"start":{"line":27,"column":0},"end":{"line":27,"column":37}},"21":{"start":{"line":29,"column":0},"end":{"line":29,"column":35}},"22":{"start":{"line":30,"column":0},"end":{"line":30,"column":35}},"23":{"start":{"line":32,"column":0},"end":{"line":32,"column":21}}},"fnMap":{"0":{"name":"(anonymous_0)","decl":{"start":{"line":19,"column":8},"end":{"line":19,"column":9}},"loc":{"start":{"line":19,"column":27},"end":{"line":22,"column":1}},"line":19}},"branchMap":{},"s":{"0":4,"1":4,"2":4,"3":4,"4":4,"5":4,"6":4,"7":4,"8":4,"9":4,"10":4,"11":4,"12":4,"13":4,"14":4,"15":4,"16":86,"17":86,"18":4,"19":4,"20":4,"21":4,"22":4,"23":4},"f":{"0":86},"b":{},"_coverageSchema":"1a1c01bbd47fc00a2c39e90264f33305004495a9","hash":"a37cbbc05043dc8ce3d4f332bc2d93d9326cf2c7"}
,"/home/biniox/Pulpit/newYourWallet-API/config.js": {"path":"/home/biniox/Pulpit/newYourWallet-API/config.js","statementMap":{"0":{"start":{"line":1,"column":0},"end":{"line":5,"column":1}}},"fnMap":{},"branchMap":{},"s":{"0":5},"f":{},"b":{},"_coverageSchema":"1a1c01bbd47fc00a2c39e90264f33305004495a9","hash":"9639bf57197902c14db1ee8bb0088d98b766c8e4"}
,"/home/biniox/Pulpit/newYourWallet-API/db/client.js": {"path":"/home/biniox/Pulpit/newYourWallet-API/db/client.js","statementMap":{"0":{"start":{"line":1,"column":17},"end":{"line":1,"column":36}},"1":{"start":{"line":2,"column":22},"end":{"line":2,"column":42}},"2":{"start":{"line":4,"column":14},"end":{"line":4,"column":67}},"3":{"start":{"line":4,"column":27},"end":{"line":4,"column":67}},"4":{"start":{"line":5,"column":16},"end":{"line":5,"column":134}},"5":{"start":{"line":5,"column":28},"end":{"line":5,"column":134}},"6":{"start":{"line":6,"column":21},"end":{"line":6,"column":66}},"7":{"start":{"line":6,"column":33},"end":{"line":6,"column":66}},"8":{"start":{"line":8,"column":0},"end":{"line":8,"column":10}},"9":{"start":{"line":10,"column":11},"end":{"line":10,"column":30}},"10":{"start":{"line":12,"column":0},"end":{"line":12,"column":65}},"11":{"start":{"line":13,"column":0},"end":{"line":13,"column":73}},"12":{"start":{"line":13,"column":22},"end":{"line":13,"column":71}},"13":{"start":{"line":15,"column":2},"end":{"line":20,"column":4}}},"fnMap":{"0":{"name":"(anonymous_0)","decl":{"start":{"line":4,"column":14},"end":{"line":4,"column":15}},"loc":{"start":{"line":4,"column":27},"end":{"line":4,"column":67}},"line":4},"1":{"name":"(anonymous_1)","decl":{"start":{"line":5,"column":16},"end":{"line":5,"column":17}},"loc":{"start":{"line":5,"column":28},"end":{"line":5,"column":134}},"line":5},"2":{"name":"(anonymous_2)","decl":{"start":{"line":6,"column":21},"end":{"line":6,"column":22}},"loc":{"start":{"line":6,"column":33},"end":{"line":6,"column":66}},"line":6},"3":{"name":"(anonymous_3)","decl":{"start":{"line":13,"column":16},"end":{"line":13,"column":17}},"loc":{"start":{"line":13,"column":22},"end":{"line":13,"column":71}},"line":13}},"branchMap":{},"s":{"0":4,"1":4,"2":4,"3":2,"4":4,"5":8,"6":4,"7":4,"8":4,"9":4,"10":4,"11":4,"12":4,"13":4},"f":{"0":2,"1":8,"2":4,"3":4},"b":{},"_coverageSchema":"1a1c01bbd47fc00a2c39e90264f33305004495a9","hash":"5a8225f50e285c619fde34264c669ffb08d994bd"}
,"/home/biniox/Pulpit/newYourWallet-API/models/model.js": {"path":"/home/biniox/Pulpit/newYourWallet-API/models/model.js","statementMap":{"0":{"start":{"line":1,"column":18},"end":{"line":1,"column":37}},"1":{"start":{"line":2,"column":15},"end":{"line":2,"column":32}},"2":{"start":{"line":4,"column":24},"end":{"line":4,"column":46}},"3":{"start":{"line":7,"column":23},"end":{"line":7,"column":70}},"4":{"start":{"line":7,"column":31},"end":{"line":7,"column":69}},"5":{"start":{"line":9,"column":21},"end":{"line":9,"column":64}},"6":{"start":{"line":9,"column":31},"end":{"line":9,"column":64}},"7":{"start":{"line":11,"column":28},"end":{"line":11,"column":77}},"8":{"start":{"line":11,"column":46},"end":{"line":11,"column":77}},"9":{"start":{"line":13,"column":22},"end":{"line":15,"column":2}},"10":{"start":{"line":17,"column":21},"end":{"line":22,"column":2}},"11":{"start":{"line":24,"column":21},"end":{"line":30,"column":2}},"12":{"start":{"line":32,"column":18},"end":{"line":43,"column":2}},"13":{"start":{"line":45,"column":0},"end":{"line":49,"column":3}},"14":{"start":{"line":46,"column":4},"end":{"line":47,"column":52}},"15":{"start":{"line":47,"column":8},"end":{"line":47,"column":52}},"16":{"start":{"line":48,"column":4},"end":{"line":48,"column":11}},"17":{"start":{"line":51,"column":0},"end":{"line":59,"column":1}}},"fnMap":{"0":{"name":"(anonymous_0)","decl":{"start":{"line":7,"column":23},"end":{"line":7,"column":24}},"loc":{"start":{"line":7,"column":31},"end":{"line":7,"column":69}},"line":7},"1":{"name":"(anonymous_1)","decl":{"start":{"line":9,"column":21},"end":{"line":9,"column":22}},"loc":{"start":{"line":9,"column":31},"end":{"line":9,"column":64}},"line":9},"2":{"name":"(anonymous_2)","decl":{"start":{"line":11,"column":28},"end":{"line":11,"column":29}},"loc":{"start":{"line":11,"column":46},"end":{"line":11,"column":77}},"line":11},"3":{"name":"(anonymous_3)","decl":{"start":{"line":45,"column":22},"end":{"line":45,"column":23}},"loc":{"start":{"line":45,"column":37},"end":{"line":49,"column":1}},"line":45}},"branchMap":{"0":{"loc":{"start":{"line":7,"column":31},"end":{"line":7,"column":69}},"type":"binary-expr","locations":[{"start":{"line":7,"column":31},"end":{"line":7,"column":48}},{"start":{"line":7,"column":52},"end":{"line":7,"column":69}}],"line":7},"1":{"loc":{"start":{"line":46,"column":4},"end":{"line":47,"column":52}},"type":"if","locations":[{"start":{"line":46,"column":4},"end":{"line":47,"column":52}},{"start":{"line":46,"column":4},"end":{"line":47,"column":52}}],"line":46}},"s":{"0":5,"1":5,"2":5,"3":5,"4":17,"5":5,"6":7,"7":5,"8":4,"9":5,"10":5,"11":5,"12":5,"13":5,"14":16,"15":7,"16":16,"17":5},"f":{"0":17,"1":7,"2":4,"3":16},"b":{"0":[17,16],"1":[7,9]},"_coverageSchema":"1a1c01bbd47fc00a2c39e90264f33305004495a9","hash":"0669fe292c44a2c9cfcd1a231eca6968bdfdc13a"}
,"/home/biniox/Pulpit/newYourWallet-API/routes/category.js": {"path":"/home/biniox/Pulpit/newYourWallet-API/routes/category.js","statementMap":{"0":{"start":{"line":1,"column":16},"end":{"line":1,"column":34}},"1":{"start":{"line":2,"column":17},"end":{"line":2,"column":36}},"2":{"start":{"line":4,"column":37},"end":{"line":4,"column":65}},"3":{"start":{"line":5,"column":24},"end":{"line":5,"column":42}},"4":{"start":{"line":7,"column":15},"end":{"line":7,"column":31}},"5":{"start":{"line":9,"column":32},"end":{"line":22,"column":1}},"6":{"start":{"line":11,"column":2},"end":{"line":21,"column":56}},"7":{"start":{"line":12,"column":4},"end":{"line":12,"column":83}},"8":{"start":{"line":14,"column":7},"end":{"line":21,"column":56}},"9":{"start":{"line":15,"column":4},"end":{"line":15,"column":77}},"10":{"start":{"line":17,"column":7},"end":{"line":21,"column":56}},"11":{"start":{"line":18,"column":4},"end":{"line":18,"column":85}},"12":{"start":{"line":21,"column":4},"end":{"line":21,"column":56}},"13":{"start":{"line":25,"column":20},"end":{"line":28,"column":1}},"14":{"start":{"line":26,"column":25},"end":{"line":26,"column":108}},"15":{"start":{"line":27,"column":4},"end":{"line":27,"column":23}},"16":{"start":{"line":30,"column":23},"end":{"line":45,"column":1}},"17":{"start":{"line":31,"column":2},"end":{"line":44,"column":3}},"18":{"start":{"line":32,"column":30},"end":{"line":32,"column":113}},"19":{"start":{"line":34,"column":18},"end":{"line":34,"column":58}},"20":{"start":{"line":35,"column":4},"end":{"line":35,"column":27}},"21":{"start":{"line":36,"column":4},"end":{"line":36,"column":25}},"22":{"start":{"line":38,"column":4},"end":{"line":38,"column":58}},"23":{"start":{"line":40,"column":4},"end":{"line":40,"column":20}},"24":{"start":{"line":43,"column":4},"end":{"line":43,"column":72}},"25":{"start":{"line":47,"column":23},"end":{"line":72,"column":1}},"26":{"start":{"line":48,"column":4},"end":{"line":70,"column":5}},"27":{"start":{"line":49,"column":6},"end":{"line":49,"column":50}},"28":{"start":{"line":49,"column":25},"end":{"line":49,"column":50}},"29":{"start":{"line":50,"column":20},"end":{"line":50,"column":104}},"30":{"start":{"line":52,"column":19},"end":{"line":52,"column":21}},"31":{"start":{"line":54,"column":6},"end":{"line":60,"column":9}},"32":{"start":{"line":55,"column":8},"end":{"line":58,"column":9}},"33":{"start":{"line":56,"column":10},"end":{"line":56,"column":36}},"34":{"start":{"line":57,"column":10},"end":{"line":57,"column":21}},"35":{"start":{"line":59,"column":8},"end":{"line":59,"column":20}},"36":{"start":{"line":62,"column":21},"end":{"line":62,"column":38}},"37":{"start":{"line":64,"column":6},"end":{"line":66,"column":40}},"38":{"start":{"line":65,"column":8},"end":{"line":65,"column":39}},"39":{"start":{"line":66,"column":11},"end":{"line":66,"column":40}},"40":{"start":{"line":69,"column":6},"end":{"line":69,"column":45}},"41":{"start":{"line":73,"column":23},"end":{"line":101,"column":1}},"42":{"start":{"line":74,"column":4},"end":{"line":99,"column":5}},"43":{"start":{"line":75,"column":20},"end":{"line":75,"column":104}},"44":{"start":{"line":77,"column":19},"end":{"line":77,"column":21}},"45":{"start":{"line":80,"column":7},"end":{"line":88,"column":9}},"46":{"start":{"line":81,"column":24},"end":{"line":81,"column":49}},"47":{"start":{"line":83,"column":8},"end":{"line":86,"column":9}},"48":{"start":{"line":84,"column":10},"end":{"line":84,"column":21}},"49":{"start":{"line":85,"column":10},"end":{"line":85,"column":58}},"50":{"start":{"line":87,"column":8},"end":{"line":87,"column":23}},"51":{"start":{"line":91,"column":21},"end":{"line":91,"column":38}},"52":{"start":{"line":93,"column":6},"end":{"line":96,"column":40}},"53":{"start":{"line":94,"column":8},"end":{"line":94,"column":35}},"54":{"start":{"line":96,"column":11},"end":{"line":96,"column":40}},"55":{"start":{"line":98,"column":6},"end":{"line":98,"column":45}},"56":{"start":{"line":106,"column":0},"end":{"line":106,"column":45}},"57":{"start":{"line":107,"column":0},"end":{"line":107,"column":43}},"58":{"start":{"line":108,"column":0},"end":{"line":108,"column":49}},"59":{"start":{"line":109,"column":0},"end":{"line":109,"column":51}},"60":{"start":{"line":111,"column":0},"end":{"line":111,"column":24}}},"fnMap":{"0":{"name":"(anonymous_0)","decl":{"start":{"line":9,"column":32},"end":{"line":9,"column":33}},"loc":{"start":{"line":9,"column":49},"end":{"line":22,"column":1}},"line":9},"1":{"name":"(anonymous_1)","decl":{"start":{"line":25,"column":20},"end":{"line":25,"column":21}},"loc":{"start":{"line":25,"column":45},"end":{"line":28,"column":1}},"line":25},"2":{"name":"(anonymous_2)","decl":{"start":{"line":30,"column":23},"end":{"line":30,"column":24}},"loc":{"start":{"line":30,"column":49},"end":{"line":45,"column":1}},"line":30},"3":{"name":"(anonymous_3)","decl":{"start":{"line":47,"column":23},"end":{"line":47,"column":24}},"loc":{"start":{"line":47,"column":49},"end":{"line":72,"column":1}},"line":47},"4":{"name":"(anonymous_4)","decl":{"start":{"line":54,"column":24},"end":{"line":54,"column":25}},"loc":{"start":{"line":54,"column":38},"end":{"line":60,"column":7}},"line":54},"5":{"name":"(anonymous_5)","decl":{"start":{"line":73,"column":23},"end":{"line":73,"column":24}},"loc":{"start":{"line":73,"column":49},"end":{"line":101,"column":1}},"line":73},"6":{"name":"(anonymous_6)","decl":{"start":{"line":80,"column":44},"end":{"line":80,"column":45}},"loc":{"start":{"line":80,"column":58},"end":{"line":88,"column":7}},"line":80}},"branchMap":{"0":{"loc":{"start":{"line":11,"column":2},"end":{"line":21,"column":56}},"type":"if","locations":[{"start":{"line":11,"column":2},"end":{"line":21,"column":56}},{"start":{"line":11,"column":2},"end":{"line":21,"column":56}}],"line":11},"1":{"loc":{"start":{"line":14,"column":7},"end":{"line":21,"column":56}},"type":"if","locations":[{"start":{"line":14,"column":7},"end":{"line":21,"column":56}},{"start":{"line":14,"column":7},"end":{"line":21,"column":56}}],"line":14},"2":{"loc":{"start":{"line":17,"column":7},"end":{"line":21,"column":56}},"type":"if","locations":[{"start":{"line":17,"column":7},"end":{"line":21,"column":56}},{"start":{"line":17,"column":7},"end":{"line":21,"column":56}}],"line":17},"3":{"loc":{"start":{"line":49,"column":6},"end":{"line":49,"column":50}},"type":"if","locations":[{"start":{"line":49,"column":6},"end":{"line":49,"column":50}},{"start":{"line":49,"column":6},"end":{"line":49,"column":50}}],"line":49},"4":{"loc":{"start":{"line":55,"column":8},"end":{"line":58,"column":9}},"type":"if","locations":[{"start":{"line":55,"column":8},"end":{"line":58,"column":9}},{"start":{"line":55,"column":8},"end":{"line":58,"column":9}}],"line":55},"5":{"loc":{"start":{"line":64,"column":6},"end":{"line":66,"column":40}},"type":"if","locations":[{"start":{"line":64,"column":6},"end":{"line":66,"column":40}},{"start":{"line":64,"column":6},"end":{"line":66,"column":40}}],"line":64},"6":{"loc":{"start":{"line":83,"column":8},"end":{"line":86,"column":9}},"type":"if","locations":[{"start":{"line":83,"column":8},"end":{"line":86,"column":9}},{"start":{"line":83,"column":8},"end":{"line":86,"column":9}}],"line":83},"7":{"loc":{"start":{"line":93,"column":6},"end":{"line":96,"column":40}},"type":"if","locations":[{"start":{"line":93,"column":6},"end":{"line":96,"column":40}},{"start":{"line":93,"column":6},"end":{"line":96,"column":40}}],"line":93}},"s":{"0":4,"1":4,"2":4,"3":4,"4":4,"5":4,"6":4,"7":1,"8":3,"9":1,"10":2,"11":2,"12":0,"13":4,"14":2,"15":2,"16":4,"17":2,"18":2,"19":2,"20":2,"21":1,"22":1,"23":1,"24":1,"25":4,"26":3,"27":3,"28":1,"29":2,"30":2,"31":2,"32":2,"33":1,"34":1,"35":2,"36":2,"37":2,"38":1,"39":1,"40":2,"41":4,"42":2,"43":2,"44":2,"45":2,"46":1,"47":1,"48":1,"49":1,"50":1,"51":2,"52":2,"53":1,"54":1,"55":1,"56":4,"57":4,"58":4,"59":4,"60":4},"f":{"0":4,"1":2,"2":2,"3":3,"4":2,"5":2,"6":1},"b":{"0":[1,3],"1":[1,2],"2":[2,0],"3":[1,2],"4":[1,1],"5":[1,1],"6":[1,0],"7":[1,1]},"_coverageSchema":"1a1c01bbd47fc00a2c39e90264f33305004495a9","hash":"6e7c9f7b26043cd9af5288dc17cc0ac8f502da92"}
,"/home/biniox/Pulpit/newYourWallet-API/routes/index.js": {"path":"/home/biniox/Pulpit/newYourWallet-API/routes/index.js","statementMap":{"0":{"start":{"line":1,"column":16},"end":{"line":1,"column":34}},"1":{"start":{"line":2,"column":15},"end":{"line":2,"column":31}},"2":{"start":{"line":4,"column":11},"end":{"line":4,"column":36}},"3":{"start":{"line":8,"column":0},"end":{"line":10,"column":3}},"4":{"start":{"line":9,"column":2},"end":{"line":9,"column":44}},"5":{"start":{"line":12,"column":0},"end":{"line":12,"column":24}}},"fnMap":{"0":{"name":"(anonymous_0)","decl":{"start":{"line":8,"column":15},"end":{"line":8,"column":16}},"loc":{"start":{"line":8,"column":35},"end":{"line":10,"column":1}},"line":8}},"branchMap":{},"s":{"0":4,"1":4,"2":4,"3":4,"4":0,"5":4},"f":{"0":0},"b":{},"_coverageSchema":"1a1c01bbd47fc00a2c39e90264f33305004495a9","hash":"2797e620d8db7ba8a7c0f7dccbe2fd3b983d900c"}
,"/home/biniox/Pulpit/newYourWallet-API/routes/users.js": {"path":"/home/biniox/Pulpit/newYourWallet-API/routes/users.js","statementMap":{"0":{"start":{"line":1,"column":16},"end":{"line":1,"column":34}},"1":{"start":{"line":2,"column":17},"end":{"line":2,"column":36}},"2":{"start":{"line":3,"column":12},"end":{"line":3,"column":35}},"3":{"start":{"line":5,"column":15},"end":{"line":5,"column":31}},"4":{"start":{"line":7,"column":29},"end":{"line":7,"column":51}},"5":{"start":{"line":8,"column":41},"end":{"line":8,"column":69}},"6":{"start":{"line":13,"column":32},"end":{"line":41,"column":1}},"7":{"start":{"line":15,"column":2},"end":{"line":40,"column":57}},"8":{"start":{"line":16,"column":4},"end":{"line":16,"column":72}},"9":{"start":{"line":18,"column":7},"end":{"line":40,"column":57}},"10":{"start":{"line":19,"column":4},"end":{"line":19,"column":74}},"11":{"start":{"line":21,"column":7},"end":{"line":40,"column":57}},"12":{"start":{"line":22,"column":4},"end":{"line":22,"column":77}},"13":{"start":{"line":24,"column":7},"end":{"line":40,"column":57}},"14":{"start":{"line":25,"column":4},"end":{"line":25,"column":68}},"15":{"start":{"line":27,"column":7},"end":{"line":40,"column":57}},"16":{"start":{"line":28,"column":4},"end":{"line":28,"column":72}},"17":{"start":{"line":30,"column":7},"end":{"line":40,"column":57}},"18":{"start":{"line":31,"column":4},"end":{"line":31,"column":79}},"19":{"start":{"line":33,"column":7},"end":{"line":40,"column":57}},"20":{"start":{"line":34,"column":4},"end":{"line":34,"column":81}},"21":{"start":{"line":36,"column":7},"end":{"line":40,"column":57}},"22":{"start":{"line":37,"column":4},"end":{"line":37,"column":117}},"23":{"start":{"line":40,"column":4},"end":{"line":40,"column":57}},"24":{"start":{"line":44,"column":24},"end":{"line":51,"column":2}},"25":{"start":{"line":45,"column":24},"end":{"line":45,"column":105}},"26":{"start":{"line":47,"column":25},"end":{"line":47,"column":104}},"27":{"start":{"line":49,"column":2},"end":{"line":49,"column":39}},"28":{"start":{"line":53,"column":21},"end":{"line":74,"column":2}},"29":{"start":{"line":56,"column":2},"end":{"line":72,"column":3}},"30":{"start":{"line":57,"column":18},"end":{"line":57,"column":54}},"31":{"start":{"line":58,"column":4},"end":{"line":68,"column":5}},"32":{"start":{"line":59,"column":24},"end":{"line":59,"column":62}},"33":{"start":{"line":61,"column":6},"end":{"line":62,"column":63}},"34":{"start":{"line":62,"column":8},"end":{"line":62,"column":63}},"35":{"start":{"line":64,"column":6},"end":{"line":64,"column":28}},"36":{"start":{"line":65,"column":6},"end":{"line":65,"column":13}},"37":{"start":{"line":67,"column":6},"end":{"line":67,"column":24}},"38":{"start":{"line":71,"column":4},"end":{"line":71,"column":52}},"39":{"start":{"line":76,"column":22},"end":{"line":87,"column":1}},"40":{"start":{"line":77,"column":2},"end":{"line":84,"column":3}},"41":{"start":{"line":78,"column":19},"end":{"line":78,"column":42}},"42":{"start":{"line":79,"column":6},"end":{"line":79,"column":28}},"43":{"start":{"line":80,"column":6},"end":{"line":80,"column":24}},"44":{"start":{"line":81,"column":6},"end":{"line":81,"column":39}},"45":{"start":{"line":83,"column":6},"end":{"line":83,"column":38}},"46":{"start":{"line":89,"column":16},"end":{"line":102,"column":1}},"47":{"start":{"line":92,"column":2},"end":{"line":101,"column":3}},"48":{"start":{"line":93,"column":15},"end":{"line":93,"column":53}},"49":{"start":{"line":95,"column":4},"end":{"line":97,"column":52}},"50":{"start":{"line":96,"column":18},"end":{"line":96,"column":44}},"51":{"start":{"line":97,"column":18},"end":{"line":97,"column":50}},"52":{"start":{"line":100,"column":4},"end":{"line":100,"column":55}},"53":{"start":{"line":104,"column":17},"end":{"line":114,"column":1}},"54":{"start":{"line":105,"column":28},"end":{"line":105,"column":36}},"55":{"start":{"line":107,"column":15},"end":{"line":107,"column":66}},"56":{"start":{"line":109,"column":2},"end":{"line":110,"column":46}},"57":{"start":{"line":110,"column":8},"end":{"line":110,"column":46}},"58":{"start":{"line":112,"column":2},"end":{"line":112,"column":55}},"59":{"start":{"line":118,"column":0},"end":{"line":118,"column":31}},"60":{"start":{"line":121,"column":0},"end":{"line":121,"column":35}},"61":{"start":{"line":124,"column":0},"end":{"line":124,"column":28}},"62":{"start":{"line":128,"column":0},"end":{"line":128,"column":113}},"63":{"start":{"line":128,"column":55},"end":{"line":128,"column":111}},"64":{"start":{"line":130,"column":0},"end":{"line":139,"column":2}}},"fnMap":{"0":{"name":"(anonymous_0)","decl":{"start":{"line":13,"column":32},"end":{"line":13,"column":33}},"loc":{"start":{"line":13,"column":46},"end":{"line":41,"column":1}},"line":13},"1":{"name":"(anonymous_1)","decl":{"start":{"line":44,"column":24},"end":{"line":44,"column":25}},"loc":{"start":{"line":44,"column":34},"end":{"line":51,"column":2}},"line":44},"2":{"name":"(anonymous_2)","decl":{"start":{"line":53,"column":21},"end":{"line":53,"column":22}},"loc":{"start":{"line":53,"column":39},"end":{"line":74,"column":2}},"line":53},"3":{"name":"(anonymous_3)","decl":{"start":{"line":76,"column":22},"end":{"line":76,"column":23}},"loc":{"start":{"line":76,"column":48},"end":{"line":87,"column":1}},"line":76},"4":{"name":"(anonymous_4)","decl":{"start":{"line":89,"column":16},"end":{"line":89,"column":17}},"loc":{"start":{"line":89,"column":36},"end":{"line":102,"column":1}},"line":89},"5":{"name":"(anonymous_5)","decl":{"start":{"line":96,"column":10},"end":{"line":96,"column":11}},"loc":{"start":{"line":96,"column":18},"end":{"line":96,"column":44}},"line":96},"6":{"name":"(anonymous_6)","decl":{"start":{"line":97,"column":11},"end":{"line":97,"column":12}},"loc":{"start":{"line":97,"column":18},"end":{"line":97,"column":50}},"line":97},"7":{"name":"(anonymous_7)","decl":{"start":{"line":104,"column":17},"end":{"line":104,"column":18}},"loc":{"start":{"line":104,"column":43},"end":{"line":114,"column":1}},"line":104},"8":{"name":"(anonymous_8)","decl":{"start":{"line":128,"column":42},"end":{"line":128,"column":43}},"loc":{"start":{"line":128,"column":55},"end":{"line":128,"column":111}},"line":128}},"branchMap":{"0":{"loc":{"start":{"line":15,"column":2},"end":{"line":40,"column":57}},"type":"if","locations":[{"start":{"line":15,"column":2},"end":{"line":40,"column":57}},{"start":{"line":15,"column":2},"end":{"line":40,"column":57}}],"line":15},"1":{"loc":{"start":{"line":15,"column":5},"end":{"line":15,"column":52}},"type":"binary-expr","locations":[{"start":{"line":15,"column":5},"end":{"line":15,"column":22}},{"start":{"line":15,"column":26},"end":{"line":15,"column":52}}],"line":15},"2":{"loc":{"start":{"line":18,"column":7},"end":{"line":40,"column":57}},"type":"if","locations":[{"start":{"line":18,"column":7},"end":{"line":40,"column":57}},{"start":{"line":18,"column":7},"end":{"line":40,"column":57}}],"line":18},"3":{"loc":{"start":{"line":21,"column":7},"end":{"line":40,"column":57}},"type":"if","locations":[{"start":{"line":21,"column":7},"end":{"line":40,"column":57}},{"start":{"line":21,"column":7},"end":{"line":40,"column":57}}],"line":21},"4":{"loc":{"start":{"line":21,"column":10},"end":{"line":21,"column":69}},"type":"binary-expr","locations":[{"start":{"line":21,"column":10},"end":{"line":21,"column":26}},{"start":{"line":21,"column":30},"end":{"line":21,"column":69}}],"line":21},"5":{"loc":{"start":{"line":24,"column":7},"end":{"line":40,"column":57}},"type":"if","locations":[{"start":{"line":24,"column":7},"end":{"line":40,"column":57}},{"start":{"line":24,"column":7},"end":{"line":40,"column":57}}],"line":24},"6":{"loc":{"start":{"line":27,"column":7},"end":{"line":40,"column":57}},"type":"if","locations":[{"start":{"line":27,"column":7},"end":{"line":40,"column":57}},{"start":{"line":27,"column":7},"end":{"line":40,"column":57}}],"line":27},"7":{"loc":{"start":{"line":30,"column":7},"end":{"line":40,"column":57}},"type":"if","locations":[{"start":{"line":30,"column":7},"end":{"line":40,"column":57}},{"start":{"line":30,"column":7},"end":{"line":40,"column":57}}],"line":30},"8":{"loc":{"start":{"line":33,"column":7},"end":{"line":40,"column":57}},"type":"if","locations":[{"start":{"line":33,"column":7},"end":{"line":40,"column":57}},{"start":{"line":33,"column":7},"end":{"line":40,"column":57}}],"line":33},"9":{"loc":{"start":{"line":36,"column":7},"end":{"line":40,"column":57}},"type":"if","locations":[{"start":{"line":36,"column":7},"end":{"line":40,"column":57}},{"start":{"line":36,"column":7},"end":{"line":40,"column":57}}],"line":36},"10":{"loc":{"start":{"line":58,"column":4},"end":{"line":68,"column":5}},"type":"if","locations":[{"start":{"line":58,"column":4},"end":{"line":68,"column":5}},{"start":{"line":58,"column":4},"end":{"line":68,"column":5}}],"line":58},"11":{"loc":{"start":{"line":61,"column":6},"end":{"line":62,"column":63}},"type":"if","locations":[{"start":{"line":61,"column":6},"end":{"line":62,"column":63}},{"start":{"line":61,"column":6},"end":{"line":62,"column":63}}],"line":61},"12":{"loc":{"start":{"line":92,"column":2},"end":{"line":101,"column":3}},"type":"if","locations":[{"start":{"line":92,"column":2},"end":{"line":101,"column":3}},{"start":{"line":92,"column":2},"end":{"line":101,"column":3}}],"line":92},"13":{"loc":{"start":{"line":109,"column":2},"end":{"line":110,"column":46}},"type":"if","locations":[{"start":{"line":109,"column":2},"end":{"line":110,"column":46}},{"start":{"line":109,"column":2},"end":{"line":110,"column":46}}],"line":109},"14":{"loc":{"start":{"line":109,"column":5},"end":{"line":109,"column":57}},"type":"binary-expr","locations":[{"start":{"line":109,"column":5},"end":{"line":109,"column":9}},{"start":{"line":109,"column":13},"end":{"line":109,"column":57}}],"line":109}},"s":{"0":4,"1":4,"2":4,"3":4,"4":4,"5":4,"6":4,"7":15,"8":2,"9":13,"10":1,"11":12,"12":1,"13":11,"14":1,"15":10,"16":1,"17":9,"18":0,"19":9,"20":8,"21":1,"22":1,"23":0,"24":4,"25":7,"26":7,"27":7,"28":4,"29":75,"30":75,"31":74,"32":73,"33":67,"34":2,"35":65,"36":65,"37":1,"38":8,"39":4,"40":10,"41":10,"42":10,"43":7,"44":5,"45":5,"46":4,"47":2,"48":1,"49":1,"50":1,"51":0,"52":1,"53":4,"54":4,"55":4,"56":4,"57":4,"58":0,"59":4,"60":4,"61":4,"62":4,"63":1,"64":4},"f":{"0":15,"1":7,"2":75,"3":10,"4":2,"5":1,"6":0,"7":4,"8":1},"b":{"0":[2,13],"1":[15,2],"2":[1,12],"3":[1,11],"4":[12,2],"5":[1,10],"6":[1,9],"7":[0,9],"8":[8,1],"9":[1,0],"10":[73,1],"11":[2,65],"12":[1,1],"13":[4,0],"14":[4,4]},"_coverageSchema":"1a1c01bbd47fc00a2c39e90264f33305004495a9","hash":"c89b3ae8e42fe46c871ced02ed7aab40361cc5cd"}
,"/home/biniox/Pulpit/newYourWallet-API/routes/expense/index.js": {"path":"/home/biniox/Pulpit/newYourWallet-API/routes/expense/index.js","statementMap":{"0":{"start":{"line":1,"column":18},"end":{"line":1,"column":36}},"1":{"start":{"line":2,"column":16},"end":{"line":2,"column":34}},"2":{"start":{"line":3,"column":17},"end":{"line":3,"column":36}},"3":{"start":{"line":4,"column":36},"end":{"line":4,"column":67}},"4":{"start":{"line":6,"column":15},"end":{"line":6,"column":31}},"5":{"start":{"line":7,"column":24},"end":{"line":7,"column":45}},"6":{"start":{"line":9,"column":32},"end":{"line":37,"column":1}},"7":{"start":{"line":10,"column":2},"end":{"line":35,"column":3}},"8":{"start":{"line":12,"column":47},"end":{"line":12,"column":53}},"9":{"start":{"line":13,"column":4},"end":{"line":33,"column":76}},"10":{"start":{"line":14,"column":6},"end":{"line":14,"column":67}},"11":{"start":{"line":16,"column":9},"end":{"line":33,"column":76}},"12":{"start":{"line":17,"column":6},"end":{"line":19,"column":83}},"13":{"start":{"line":18,"column":8},"end":{"line":19,"column":83}},"14":{"start":{"line":19,"column":10},"end":{"line":19,"column":83}},"15":{"start":{"line":20,"column":6},"end":{"line":20,"column":67}},"16":{"start":{"line":23,"column":9},"end":{"line":33,"column":76}},"17":{"start":{"line":24,"column":6},"end":{"line":24,"column":75}},"18":{"start":{"line":26,"column":9},"end":{"line":33,"column":76}},"19":{"start":{"line":27,"column":6},"end":{"line":27,"column":74}},"20":{"start":{"line":29,"column":9},"end":{"line":33,"column":76}},"21":{"start":{"line":30,"column":6},"end":{"line":30,"column":68}},"22":{"start":{"line":33,"column":6},"end":{"line":33,"column":76}},"23":{"start":{"line":40,"column":22},"end":{"line":55,"column":1}},"24":{"start":{"line":41,"column":2},"end":{"line":54,"column":3}},"25":{"start":{"line":42,"column":25},"end":{"line":42,"column":28}},"26":{"start":{"line":43,"column":17},"end":{"line":43,"column":88}},"27":{"start":{"line":46,"column":20},"end":{"line":46,"column":42}},"28":{"start":{"line":47,"column":4},"end":{"line":47,"column":29}},"29":{"start":{"line":48,"column":4},"end":{"line":48,"column":31}},"30":{"start":{"line":49,"column":4},"end":{"line":49,"column":53}},"31":{"start":{"line":51,"column":4},"end":{"line":51,"column":22}},"32":{"start":{"line":53,"column":4},"end":{"line":53,"column":43}},"33":{"start":{"line":57,"column":20},"end":{"line":97,"column":1}},"34":{"start":{"line":58,"column":2},"end":{"line":96,"column":3}},"35":{"start":{"line":59,"column":67},"end":{"line":59,"column":70}},"36":{"start":{"line":61,"column":4},"end":{"line":62,"column":45}},"37":{"start":{"line":62,"column":6},"end":{"line":62,"column":45}},"38":{"start":{"line":64,"column":4},"end":{"line":66,"column":76}},"39":{"start":{"line":65,"column":6},"end":{"line":66,"column":76}},"40":{"start":{"line":66,"column":8},"end":{"line":66,"column":76}},"41":{"start":{"line":67,"column":4},"end":{"line":69,"column":44}},"42":{"start":{"line":68,"column":6},"end":{"line":69,"column":44}},"43":{"start":{"line":69,"column":8},"end":{"line":69,"column":44}},"44":{"start":{"line":71,"column":22},"end":{"line":71,"column":31}},"45":{"start":{"line":72,"column":19},"end":{"line":72,"column":24}},"46":{"start":{"line":74,"column":17},"end":{"line":74,"column":88}},"47":{"start":{"line":77,"column":4},"end":{"line":86,"column":7}},"48":{"start":{"line":78,"column":6},"end":{"line":84,"column":7}},"49":{"start":{"line":79,"column":8},"end":{"line":79,"column":34}},"50":{"start":{"line":79,"column":17},"end":{"line":79,"column":34}},"51":{"start":{"line":80,"column":8},"end":{"line":80,"column":34}},"52":{"start":{"line":80,"column":17},"end":{"line":80,"column":34}},"53":{"start":{"line":81,"column":8},"end":{"line":81,"column":52}},"54":{"start":{"line":81,"column":23},"end":{"line":81,"column":52}},"55":{"start":{"line":82,"column":8},"end":{"line":82,"column":34}},"56":{"start":{"line":82,"column":17},"end":{"line":82,"column":34}},"57":{"start":{"line":83,"column":8},"end":{"line":83,"column":24}},"58":{"start":{"line":85,"column":6},"end":{"line":85,"column":18}},"59":{"start":{"line":88,"column":4},"end":{"line":88,"column":53}},"60":{"start":{"line":88,"column":18},"end":{"line":88,"column":53}},"61":{"start":{"line":90,"column":17},"end":{"line":90,"column":64}},"62":{"start":{"line":93,"column":4},"end":{"line":93,"column":23}},"63":{"start":{"line":95,"column":4},"end":{"line":95,"column":43}},"64":{"start":{"line":99,"column":19},"end":{"line":123,"column":1}},"65":{"start":{"line":100,"column":2},"end":{"line":122,"column":3}},"66":{"start":{"line":101,"column":34},"end":{"line":101,"column":37}},"67":{"start":{"line":102,"column":17},"end":{"line":102,"column":88}},"68":{"start":{"line":104,"column":4},"end":{"line":112,"column":5}},"69":{"start":{"line":105,"column":19},"end":{"line":105,"column":55}},"70":{"start":{"line":106,"column":17},"end":{"line":106,"column":51}},"71":{"start":{"line":108,"column":6},"end":{"line":109,"column":44}},"72":{"start":{"line":109,"column":8},"end":{"line":109,"column":44}},"73":{"start":{"line":111,"column":6},"end":{"line":111,"column":87}},"74":{"start":{"line":111,"column":50},"end":{"line":111,"column":84}},"75":{"start":{"line":114,"column":4},"end":{"line":117,"column":5}},"76":{"start":{"line":115,"column":30},"end":{"line":115,"column":82}},"77":{"start":{"line":115,"column":59},"end":{"line":115,"column":80}},"78":{"start":{"line":116,"column":6},"end":{"line":116,"column":39}},"79":{"start":{"line":119,"column":4},"end":{"line":119,"column":27}},"80":{"start":{"line":121,"column":4},"end":{"line":121,"column":43}},"81":{"start":{"line":125,"column":22},"end":{"line":142,"column":1}},"82":{"start":{"line":126,"column":2},"end":{"line":140,"column":3}},"83":{"start":{"line":127,"column":19},"end":{"line":127,"column":29}},"84":{"start":{"line":129,"column":17},"end":{"line":129,"column":92}},"85":{"start":{"line":130,"column":24},"end":{"line":130,"column":43}},"86":{"start":{"line":132,"column":4},"end":{"line":132,"column":67}},"87":{"start":{"line":132,"column":48},"end":{"line":132,"column":65}},"88":{"start":{"line":134,"column":4},"end":{"line":135,"column":40}},"89":{"start":{"line":135,"column":6},"end":{"line":135,"column":40}},"90":{"start":{"line":136,"column":4},"end":{"line":136,"column":22}},"91":{"start":{"line":137,"column":4},"end":{"line":137,"column":53}},"92":{"start":{"line":139,"column":4},"end":{"line":139,"column":43}},"93":{"start":{"line":145,"column":0},"end":{"line":145,"column":45}},"94":{"start":{"line":146,"column":0},"end":{"line":146,"column":47}},"95":{"start":{"line":147,"column":0},"end":{"line":147,"column":45}},"96":{"start":{"line":148,"column":0},"end":{"line":148,"column":42}},"97":{"start":{"line":150,"column":0},"end":{"line":150,"column":51}},"98":{"start":{"line":151,"column":0},"end":{"line":151,"column":48}},"99":{"start":{"line":153,"column":0},"end":{"line":153,"column":24}}},"fnMap":{"0":{"name":"(anonymous_0)","decl":{"start":{"line":9,"column":32},"end":{"line":9,"column":33}},"loc":{"start":{"line":9,"column":56},"end":{"line":37,"column":1}},"line":9},"1":{"name":"(anonymous_1)","decl":{"start":{"line":40,"column":22},"end":{"line":40,"column":23}},"loc":{"start":{"line":40,"column":48},"end":{"line":55,"column":1}},"line":40},"2":{"name":"(anonymous_2)","decl":{"start":{"line":57,"column":20},"end":{"line":57,"column":21}},"loc":{"start":{"line":57,"column":46},"end":{"line":97,"column":1}},"line":57},"3":{"name":"(anonymous_3)","decl":{"start":{"line":77,"column":21},"end":{"line":77,"column":22}},"loc":{"start":{"line":77,"column":29},"end":{"line":86,"column":5}},"line":77},"4":{"name":"(anonymous_4)","decl":{"start":{"line":99,"column":19},"end":{"line":99,"column":20}},"loc":{"start":{"line":99,"column":45},"end":{"line":123,"column":1}},"line":99},"5":{"name":"(anonymous_5)","decl":{"start":{"line":111,"column":41},"end":{"line":111,"column":42}},"loc":{"start":{"line":111,"column":50},"end":{"line":111,"column":84}},"line":111},"6":{"name":"(anonymous_6)","decl":{"start":{"line":115,"column":50},"end":{"line":115,"column":51}},"loc":{"start":{"line":115,"column":59},"end":{"line":115,"column":80}},"line":115},"7":{"name":"(anonymous_7)","decl":{"start":{"line":125,"column":22},"end":{"line":125,"column":23}},"loc":{"start":{"line":125,"column":48},"end":{"line":142,"column":1}},"line":125},"8":{"name":"(anonymous_8)","decl":{"start":{"line":132,"column":40},"end":{"line":132,"column":41}},"loc":{"start":{"line":132,"column":48},"end":{"line":132,"column":65}},"line":132}},"branchMap":{"0":{"loc":{"start":{"line":10,"column":2},"end":{"line":35,"column":3}},"type":"if","locations":[{"start":{"line":10,"column":2},"end":{"line":35,"column":3}},{"start":{"line":10,"column":2},"end":{"line":35,"column":3}}],"line":10},"1":{"loc":{"start":{"line":13,"column":4},"end":{"line":33,"column":76}},"type":"if","locations":[{"start":{"line":13,"column":4},"end":{"line":33,"column":76}},{"start":{"line":13,"column":4},"end":{"line":33,"column":76}}],"line":13},"2":{"loc":{"start":{"line":16,"column":9},"end":{"line":33,"column":76}},"type":"if","locations":[{"start":{"line":16,"column":9},"end":{"line":33,"column":76}},{"start":{"line":16,"column":9},"end":{"line":33,"column":76}}],"line":16},"3":{"loc":{"start":{"line":17,"column":6},"end":{"line":19,"column":83}},"type":"if","locations":[{"start":{"line":17,"column":6},"end":{"line":19,"column":83}},{"start":{"line":17,"column":6},"end":{"line":19,"column":83}}],"line":17},"4":{"loc":{"start":{"line":18,"column":8},"end":{"line":19,"column":83}},"type":"if","locations":[{"start":{"line":18,"column":8},"end":{"line":19,"column":83}},{"start":{"line":18,"column":8},"end":{"line":19,"column":83}}],"line":18},"5":{"loc":{"start":{"line":23,"column":9},"end":{"line":33,"column":76}},"type":"if","locations":[{"start":{"line":23,"column":9},"end":{"line":33,"column":76}},{"start":{"line":23,"column":9},"end":{"line":33,"column":76}}],"line":23},"6":{"loc":{"start":{"line":26,"column":9},"end":{"line":33,"column":76}},"type":"if","locations":[{"start":{"line":26,"column":9},"end":{"line":33,"column":76}},{"start":{"line":26,"column":9},"end":{"line":33,"column":76}}],"line":26},"7":{"loc":{"start":{"line":29,"column":9},"end":{"line":33,"column":76}},"type":"if","locations":[{"start":{"line":29,"column":9},"end":{"line":33,"column":76}},{"start":{"line":29,"column":9},"end":{"line":33,"column":76}}],"line":29},"8":{"loc":{"start":{"line":61,"column":4},"end":{"line":62,"column":45}},"type":"if","locations":[{"start":{"line":61,"column":4},"end":{"line":62,"column":45}},{"start":{"line":61,"column":4},"end":{"line":62,"column":45}}],"line":61},"9":{"loc":{"start":{"line":61,"column":7},"end":{"line":61,"column":45}},"type":"binary-expr","locations":[{"start":{"line":61,"column":7},"end":{"line":61,"column":12}},{"start":{"line":61,"column":16},"end":{"line":61,"column":21}},{"start":{"line":61,"column":25},"end":{"line":61,"column":30}},{"start":{"line":61,"column":34},"end":{"line":61,"column":45}}],"line":61},"10":{"loc":{"start":{"line":64,"column":4},"end":{"line":66,"column":76}},"type":"if","locations":[{"start":{"line":64,"column":4},"end":{"line":66,"column":76}},{"start":{"line":64,"column":4},"end":{"line":66,"column":76}}],"line":64},"11":{"loc":{"start":{"line":65,"column":6},"end":{"line":66,"column":76}},"type":"if","locations":[{"start":{"line":65,"column":6},"end":{"line":66,"column":76}},{"start":{"line":65,"column":6},"end":{"line":66,"column":76}}],"line":65},"12":{"loc":{"start":{"line":67,"column":4},"end":{"line":69,"column":44}},"type":"if","locations":[{"start":{"line":67,"column":4},"end":{"line":69,"column":44}},{"start":{"line":67,"column":4},"end":{"line":69,"column":44}}],"line":67},"13":{"loc":{"start":{"line":68,"column":6},"end":{"line":69,"column":44}},"type":"if","locations":[{"start":{"line":68,"column":6},"end":{"line":69,"column":44}},{"start":{"line":68,"column":6},"end":{"line":69,"column":44}}],"line":68},"14":{"loc":{"start":{"line":78,"column":6},"end":{"line":84,"column":7}},"type":"if","locations":[{"start":{"line":78,"column":6},"end":{"line":84,"column":7}},{"start":{"line":78,"column":6},"end":{"line":84,"column":7}}],"line":78},"15":{"loc":{"start":{"line":79,"column":8},"end":{"line":79,"column":34}},"type":"if","locations":[{"start":{"line":79,"column":8},"end":{"line":79,"column":34}},{"start":{"line":79,"column":8},"end":{"line":79,"column":34}}],"line":79},"16":{"loc":{"start":{"line":80,"column":8},"end":{"line":80,"column":34}},"type":"if","locations":[{"start":{"line":80,"column":8},"end":{"line":80,"column":34}},{"start":{"line":80,"column":8},"end":{"line":80,"column":34}}],"line":80},"17":{"loc":{"start":{"line":81,"column":8},"end":{"line":81,"column":52}},"type":"if","locations":[{"start":{"line":81,"column":8},"end":{"line":81,"column":52}},{"start":{"line":81,"column":8},"end":{"line":81,"column":52}}],"line":81},"18":{"loc":{"start":{"line":82,"column":8},"end":{"line":82,"column":34}},"type":"if","locations":[{"start":{"line":82,"column":8},"end":{"line":82,"column":34}},{"start":{"line":82,"column":8},"end":{"line":82,"column":34}}],"line":82},"19":{"loc":{"start":{"line":88,"column":4},"end":{"line":88,"column":53}},"type":"if","locations":[{"start":{"line":88,"column":4},"end":{"line":88,"column":53}},{"start":{"line":88,"column":4},"end":{"line":88,"column":53}}],"line":88},"20":{"loc":{"start":{"line":104,"column":4},"end":{"line":112,"column":5}},"type":"if","locations":[{"start":{"line":104,"column":4},"end":{"line":112,"column":5}},{"start":{"line":104,"column":4},"end":{"line":112,"column":5}}],"line":104},"21":{"loc":{"start":{"line":104,"column":7},"end":{"line":104,"column":29}},"type":"binary-expr","locations":[{"start":{"line":104,"column":7},"end":{"line":104,"column":17}},{"start":{"line":104,"column":21},"end":{"line":104,"column":29}}],"line":104},"22":{"loc":{"start":{"line":105,"column":28},"end":{"line":105,"column":54}},"type":"binary-expr","locations":[{"start":{"line":105,"column":28},"end":{"line":105,"column":38}},{"start":{"line":105,"column":42},"end":{"line":105,"column":54}}],"line":105},"23":{"loc":{"start":{"line":106,"column":26},"end":{"line":106,"column":50}},"type":"binary-expr","locations":[{"start":{"line":106,"column":26},"end":{"line":106,"column":34}},{"start":{"line":106,"column":38},"end":{"line":106,"column":50}}],"line":106},"24":{"loc":{"start":{"line":108,"column":6},"end":{"line":109,"column":44}},"type":"if","locations":[{"start":{"line":108,"column":6},"end":{"line":109,"column":44}},{"start":{"line":108,"column":6},"end":{"line":109,"column":44}}],"line":108},"25":{"loc":{"start":{"line":108,"column":9},"end":{"line":108,"column":55}},"type":"binary-expr","locations":[{"start":{"line":108,"column":9},"end":{"line":108,"column":29}},{"start":{"line":108,"column":33},"end":{"line":108,"column":55}}],"line":108},"26":{"loc":{"start":{"line":111,"column":50},"end":{"line":111,"column":84}},"type":"binary-expr","locations":[{"start":{"line":111,"column":50},"end":{"line":111,"column":66}},{"start":{"line":111,"column":70},"end":{"line":111,"column":84}}],"line":111},"27":{"loc":{"start":{"line":114,"column":4},"end":{"line":117,"column":5}},"type":"if","locations":[{"start":{"line":114,"column":4},"end":{"line":117,"column":5}},{"start":{"line":114,"column":4},"end":{"line":117,"column":5}}],"line":114},"28":{"loc":{"start":{"line":134,"column":4},"end":{"line":135,"column":40}},"type":"if","locations":[{"start":{"line":134,"column":4},"end":{"line":135,"column":40}},{"start":{"line":134,"column":4},"end":{"line":135,"column":40}}],"line":134}},"s":{"0":4,"1":4,"2":4,"3":4,"4":4,"5":4,"6":4,"7":25,"8":11,"9":11,"10":1,"11":10,"12":3,"13":2,"14":2,"15":1,"16":7,"17":5,"18":2,"19":2,"20":0,"21":0,"22":0,"23":4,"24":7,"25":7,"26":7,"27":7,"28":7,"29":3,"30":2,"31":2,"32":5,"33":4,"34":9,"35":9,"36":9,"37":2,"38":7,"39":2,"40":1,"41":6,"42":2,"43":1,"44":5,"45":5,"46":5,"47":5,"48":0,"49":0,"50":0,"51":0,"52":0,"53":0,"54":0,"55":0,"56":0,"57":0,"58":0,"59":0,"60":0,"61":0,"62":0,"63":9,"64":4,"65":8,"66":8,"67":8,"68":8,"69":6,"70":6,"71":6,"72":3,"73":3,"74":0,"75":2,"76":1,"77":0,"78":0,"79":1,"80":8,"81":4,"82":3,"83":3,"84":3,"85":3,"86":0,"87":0,"88":0,"89":0,"90":0,"91":0,"92":3,"93":4,"94":4,"95":4,"96":4,"97":4,"98":4,"99":4},"f":{"0":25,"1":7,"2":9,"3":0,"4":8,"5":0,"6":0,"7":3,"8":0},"b":{"0":[11,14],"1":[1,10],"2":[3,7],"3":[2,1],"4":[2,0],"5":[5,2],"6":[2,0],"7":[0,0],"8":[2,7],"9":[9,7,5,3],"10":[2,5],"11":[1,1],"12":[2,4],"13":[1,1],"14":[0,0],"15":[0,0],"16":[0,0],"17":[0,0],"18":[0,0],"19":[0,0],"20":[6,2],"21":[8,4],"22":[6,2],"23":[6,2],"24":[3,3],"25":[6,4],"26":[0,0],"27":[1,1],"28":[0,0]},"_coverageSchema":"1a1c01bbd47fc00a2c39e90264f33305004495a9","hash":"1ef4682e5cf7b2e48be9683678435ab5f94bba59"}
,"/home/biniox/Pulpit/newYourWallet-API/routes/purpose/index.js": {"path":"/home/biniox/Pulpit/newYourWallet-API/routes/purpose/index.js","statementMap":{"0":{"start":{"line":1,"column":16},"end":{"line":1,"column":34}},"1":{"start":{"line":2,"column":17},"end":{"line":2,"column":36}},"2":{"start":{"line":3,"column":36},"end":{"line":3,"column":65}},"3":{"start":{"line":4,"column":24},"end":{"line":4,"column":43}},"4":{"start":{"line":5,"column":15},"end":{"line":5,"column":31}},"5":{"start":{"line":7,"column":31},"end":{"line":37,"column":1}},"6":{"start":{"line":8,"column":2},"end":{"line":36,"column":3}},"7":{"start":{"line":10,"column":62},"end":{"line":10,"column":68}},"8":{"start":{"line":11,"column":4},"end":{"line":34,"column":75}},"9":{"start":{"line":12,"column":6},"end":{"line":12,"column":67}},"10":{"start":{"line":14,"column":9},"end":{"line":34,"column":75}},"11":{"start":{"line":15,"column":6},"end":{"line":17,"column":83}},"12":{"start":{"line":16,"column":8},"end":{"line":17,"column":83}},"13":{"start":{"line":17,"column":10},"end":{"line":17,"column":83}},"14":{"start":{"line":18,"column":6},"end":{"line":18,"column":67}},"15":{"start":{"line":21,"column":9},"end":{"line":34,"column":75}},"16":{"start":{"line":22,"column":6},"end":{"line":22,"column":82}},"17":{"start":{"line":24,"column":9},"end":{"line":34,"column":75}},"18":{"start":{"line":25,"column":6},"end":{"line":25,"column":81}},"19":{"start":{"line":27,"column":9},"end":{"line":34,"column":75}},"20":{"start":{"line":28,"column":6},"end":{"line":28,"column":68}},"21":{"start":{"line":30,"column":9},"end":{"line":34,"column":75}},"22":{"start":{"line":31,"column":6},"end":{"line":31,"column":74}},"23":{"start":{"line":34,"column":6},"end":{"line":34,"column":75}},"24":{"start":{"line":39,"column":22},"end":{"line":55,"column":1}},"25":{"start":{"line":40,"column":2},"end":{"line":53,"column":3}},"26":{"start":{"line":41,"column":27},"end":{"line":41,"column":30}},"27":{"start":{"line":43,"column":19},"end":{"line":43,"column":90}},"28":{"start":{"line":45,"column":20},"end":{"line":45,"column":42}},"29":{"start":{"line":46,"column":6},"end":{"line":46,"column":29}},"30":{"start":{"line":47,"column":6},"end":{"line":47,"column":31}},"31":{"start":{"line":48,"column":6},"end":{"line":48,"column":24}},"32":{"start":{"line":50,"column":6},"end":{"line":50,"column":22}},"33":{"start":{"line":52,"column":6},"end":{"line":52,"column":44}},"34":{"start":{"line":57,"column":20},"end":{"line":96,"column":1}},"35":{"start":{"line":58,"column":2},"end":{"line":94,"column":3}},"36":{"start":{"line":59,"column":78},"end":{"line":59,"column":81}},"37":{"start":{"line":60,"column":25},"end":{"line":60,"column":29}},"38":{"start":{"line":62,"column":6},"end":{"line":63,"column":46}},"39":{"start":{"line":63,"column":8},"end":{"line":63,"column":46}},"40":{"start":{"line":65,"column":19},"end":{"line":65,"column":90}},"41":{"start":{"line":67,"column":6},"end":{"line":82,"column":9}},"42":{"start":{"line":69,"column":8},"end":{"line":79,"column":9}},"43":{"start":{"line":70,"column":10},"end":{"line":76,"column":13}},"44":{"start":{"line":78,"column":10},"end":{"line":78,"column":30}},"45":{"start":{"line":81,"column":8},"end":{"line":81,"column":20}},"46":{"start":{"line":84,"column":6},"end":{"line":87,"column":40}},"47":{"start":{"line":85,"column":8},"end":{"line":85,"column":38}},"48":{"start":{"line":87,"column":8},"end":{"line":87,"column":40}},"49":{"start":{"line":89,"column":6},"end":{"line":89,"column":24}},"50":{"start":{"line":91,"column":6},"end":{"line":91,"column":29}},"51":{"start":{"line":93,"column":6},"end":{"line":93,"column":44}},"52":{"start":{"line":98,"column":19},"end":{"line":131,"column":1}},"53":{"start":{"line":99,"column":2},"end":{"line":129,"column":3}},"54":{"start":{"line":100,"column":85},"end":{"line":100,"column":88}},"55":{"start":{"line":103,"column":19},"end":{"line":103,"column":90}},"56":{"start":{"line":105,"column":6},"end":{"line":118,"column":7}},"57":{"start":{"line":106,"column":20},"end":{"line":106,"column":25}},"58":{"start":{"line":108,"column":8},"end":{"line":113,"column":11}},"59":{"start":{"line":109,"column":10},"end":{"line":112,"column":11}},"60":{"start":{"line":110,"column":12},"end":{"line":110,"column":25}},"61":{"start":{"line":111,"column":12},"end":{"line":111,"column":24}},"62":{"start":{"line":115,"column":8},"end":{"line":116,"column":42}},"63":{"start":{"line":116,"column":10},"end":{"line":116,"column":42}},"64":{"start":{"line":120,"column":6},"end":{"line":123,"column":69}},"65":{"start":{"line":121,"column":8},"end":{"line":121,"column":68}},"66":{"start":{"line":121,"column":52},"end":{"line":121,"column":65}},"67":{"start":{"line":122,"column":11},"end":{"line":123,"column":69}},"68":{"start":{"line":123,"column":8},"end":{"line":123,"column":69}},"69":{"start":{"line":123,"column":51},"end":{"line":123,"column":67}},"70":{"start":{"line":125,"column":6},"end":{"line":125,"column":29}},"71":{"start":{"line":128,"column":6},"end":{"line":128,"column":44}},"72":{"start":{"line":133,"column":22},"end":{"line":181,"column":1}},"73":{"start":{"line":134,"column":2},"end":{"line":179,"column":3}},"74":{"start":{"line":135,"column":42},"end":{"line":135,"column":45}},"75":{"start":{"line":136,"column":21},"end":{"line":136,"column":23}},"76":{"start":{"line":138,"column":19},"end":{"line":138,"column":90}},"77":{"start":{"line":140,"column":20},"end":{"line":140,"column":25}},"78":{"start":{"line":142,"column":8},"end":{"line":151,"column":9}},"79":{"start":{"line":143,"column":10},"end":{"line":150,"column":13}},"80":{"start":{"line":144,"column":12},"end":{"line":149,"column":13}},"81":{"start":{"line":145,"column":14},"end":{"line":145,"column":27}},"82":{"start":{"line":146,"column":14},"end":{"line":146,"column":27}},"83":{"start":{"line":148,"column":14},"end":{"line":148,"column":25}},"84":{"start":{"line":154,"column":8},"end":{"line":155,"column":42}},"85":{"start":{"line":155,"column":10},"end":{"line":155,"column":42}},"86":{"start":{"line":159,"column":6},"end":{"line":168,"column":11}},"87":{"start":{"line":160,"column":8},"end":{"line":168,"column":11}},"88":{"start":{"line":162,"column":10},"end":{"line":164,"column":11}},"89":{"start":{"line":163,"column":12},"end":{"line":163,"column":24}},"90":{"start":{"line":165,"column":10},"end":{"line":165,"column":30}},"91":{"start":{"line":166,"column":10},"end":{"line":166,"column":23}},"92":{"start":{"line":172,"column":6},"end":{"line":172,"column":24}},"93":{"start":{"line":173,"column":6},"end":{"line":175,"column":87}},"94":{"start":{"line":174,"column":8},"end":{"line":174,"column":66}},"95":{"start":{"line":175,"column":11},"end":{"line":175,"column":87}},"96":{"start":{"line":178,"column":6},"end":{"line":178,"column":44}},"97":{"start":{"line":183,"column":0},"end":{"line":183,"column":43}},"98":{"start":{"line":185,"column":0},"end":{"line":185,"column":42}},"99":{"start":{"line":186,"column":0},"end":{"line":186,"column":45}},"100":{"start":{"line":188,"column":0},"end":{"line":188,"column":43}},"101":{"start":{"line":189,"column":0},"end":{"line":189,"column":40}},"102":{"start":{"line":191,"column":0},"end":{"line":191,"column":49}},"103":{"start":{"line":192,"column":0},"end":{"line":192,"column":46}},"104":{"start":{"line":194,"column":0},"end":{"line":194,"column":24}}},"fnMap":{"0":{"name":"(anonymous_0)","decl":{"start":{"line":7,"column":31},"end":{"line":7,"column":32}},"loc":{"start":{"line":7,"column":55},"end":{"line":37,"column":1}},"line":7},"1":{"name":"(anonymous_1)","decl":{"start":{"line":39,"column":22},"end":{"line":39,"column":23}},"loc":{"start":{"line":39,"column":48},"end":{"line":55,"column":1}},"line":39},"2":{"name":"(anonymous_2)","decl":{"start":{"line":57,"column":20},"end":{"line":57,"column":21}},"loc":{"start":{"line":57,"column":46},"end":{"line":96,"column":1}},"line":57},"3":{"name":"(anonymous_3)","decl":{"start":{"line":67,"column":44},"end":{"line":67,"column":45}},"loc":{"start":{"line":67,"column":54},"end":{"line":82,"column":7}},"line":67},"4":{"name":"(anonymous_4)","decl":{"start":{"line":98,"column":19},"end":{"line":98,"column":20}},"loc":{"start":{"line":98,"column":45},"end":{"line":131,"column":1}},"line":98},"5":{"name":"(anonymous_5)","decl":{"start":{"line":108,"column":49},"end":{"line":108,"column":50}},"loc":{"start":{"line":108,"column":59},"end":{"line":113,"column":9}},"line":108},"6":{"name":"(anonymous_6)","decl":{"start":{"line":121,"column":43},"end":{"line":121,"column":44}},"loc":{"start":{"line":121,"column":52},"end":{"line":121,"column":65}},"line":121},"7":{"name":"(anonymous_7)","decl":{"start":{"line":123,"column":43},"end":{"line":123,"column":44}},"loc":{"start":{"line":123,"column":51},"end":{"line":123,"column":67}},"line":123},"8":{"name":"(anonymous_8)","decl":{"start":{"line":133,"column":22},"end":{"line":133,"column":23}},"loc":{"start":{"line":133,"column":48},"end":{"line":181,"column":1}},"line":133},"9":{"name":"(anonymous_9)","decl":{"start":{"line":143,"column":51},"end":{"line":143,"column":52}},"loc":{"start":{"line":143,"column":61},"end":{"line":150,"column":11}},"line":143},"10":{"name":"(anonymous_10)","decl":{"start":{"line":160,"column":43},"end":{"line":160,"column":44}},"loc":{"start":{"line":160,"column":51},"end":{"line":168,"column":9}},"line":160}},"branchMap":{"0":{"loc":{"start":{"line":8,"column":2},"end":{"line":36,"column":3}},"type":"if","locations":[{"start":{"line":8,"column":2},"end":{"line":36,"column":3}},{"start":{"line":8,"column":2},"end":{"line":36,"column":3}}],"line":8},"1":{"loc":{"start":{"line":11,"column":4},"end":{"line":34,"column":75}},"type":"if","locations":[{"start":{"line":11,"column":4},"end":{"line":34,"column":75}},{"start":{"line":11,"column":4},"end":{"line":34,"column":75}}],"line":11},"2":{"loc":{"start":{"line":14,"column":9},"end":{"line":34,"column":75}},"type":"if","locations":[{"start":{"line":14,"column":9},"end":{"line":34,"column":75}},{"start":{"line":14,"column":9},"end":{"line":34,"column":75}}],"line":14},"3":{"loc":{"start":{"line":15,"column":6},"end":{"line":17,"column":83}},"type":"if","locations":[{"start":{"line":15,"column":6},"end":{"line":17,"column":83}},{"start":{"line":15,"column":6},"end":{"line":17,"column":83}}],"line":15},"4":{"loc":{"start":{"line":16,"column":8},"end":{"line":17,"column":83}},"type":"if","locations":[{"start":{"line":16,"column":8},"end":{"line":17,"column":83}},{"start":{"line":16,"column":8},"end":{"line":17,"column":83}}],"line":16},"5":{"loc":{"start":{"line":21,"column":9},"end":{"line":34,"column":75}},"type":"if","locations":[{"start":{"line":21,"column":9},"end":{"line":34,"column":75}},{"start":{"line":21,"column":9},"end":{"line":34,"column":75}}],"line":21},"6":{"loc":{"start":{"line":24,"column":9},"end":{"line":34,"column":75}},"type":"if","locations":[{"start":{"line":24,"column":9},"end":{"line":34,"column":75}},{"start":{"line":24,"column":9},"end":{"line":34,"column":75}}],"line":24},"7":{"loc":{"start":{"line":27,"column":9},"end":{"line":34,"column":75}},"type":"if","locations":[{"start":{"line":27,"column":9},"end":{"line":34,"column":75}},{"start":{"line":27,"column":9},"end":{"line":34,"column":75}}],"line":27},"8":{"loc":{"start":{"line":30,"column":9},"end":{"line":34,"column":75}},"type":"if","locations":[{"start":{"line":30,"column":9},"end":{"line":34,"column":75}},{"start":{"line":30,"column":9},"end":{"line":34,"column":75}}],"line":30},"9":{"loc":{"start":{"line":62,"column":6},"end":{"line":63,"column":46}},"type":"if","locations":[{"start":{"line":62,"column":6},"end":{"line":63,"column":46}},{"start":{"line":62,"column":6},"end":{"line":63,"column":46}}],"line":62},"10":{"loc":{"start":{"line":62,"column":9},"end":{"line":62,"column":50}},"type":"binary-expr","locations":[{"start":{"line":62,"column":9},"end":{"line":62,"column":14}},{"start":{"line":62,"column":18},"end":{"line":62,"column":28}},{"start":{"line":62,"column":32},"end":{"line":62,"column":37}},{"start":{"line":62,"column":41},"end":{"line":62,"column":50}}],"line":62},"11":{"loc":{"start":{"line":69,"column":8},"end":{"line":79,"column":9}},"type":"if","locations":[{"start":{"line":69,"column":8},"end":{"line":79,"column":9}},{"start":{"line":69,"column":8},"end":{"line":79,"column":9}}],"line":69},"12":{"loc":{"start":{"line":72,"column":18},"end":{"line":72,"column":43}},"type":"cond-expr","locations":[{"start":{"line":72,"column":27},"end":{"line":72,"column":31}},{"start":{"line":72,"column":34},"end":{"line":72,"column":43}}],"line":72},"13":{"loc":{"start":{"line":73,"column":18},"end":{"line":73,"column":43}},"type":"cond-expr","locations":[{"start":{"line":73,"column":27},"end":{"line":73,"column":31}},{"start":{"line":73,"column":34},"end":{"line":73,"column":43}}],"line":73},"14":{"loc":{"start":{"line":74,"column":22},"end":{"line":74,"column":59}},"type":"cond-expr","locations":[{"start":{"line":74,"column":35},"end":{"line":74,"column":43}},{"start":{"line":74,"column":46},"end":{"line":74,"column":59}}],"line":74},"15":{"loc":{"start":{"line":75,"column":23},"end":{"line":75,"column":63}},"type":"cond-expr","locations":[{"start":{"line":75,"column":37},"end":{"line":75,"column":46}},{"start":{"line":75,"column":49},"end":{"line":75,"column":63}}],"line":75},"16":{"loc":{"start":{"line":84,"column":6},"end":{"line":87,"column":40}},"type":"if","locations":[{"start":{"line":84,"column":6},"end":{"line":87,"column":40}},{"start":{"line":84,"column":6},"end":{"line":87,"column":40}}],"line":84},"17":{"loc":{"start":{"line":105,"column":6},"end":{"line":118,"column":7}},"type":"if","locations":[{"start":{"line":105,"column":6},"end":{"line":118,"column":7}},{"start":{"line":105,"column":6},"end":{"line":118,"column":7}}],"line":105},"18":{"loc":{"start":{"line":109,"column":10},"end":{"line":112,"column":11}},"type":"if","locations":[{"start":{"line":109,"column":10},"end":{"line":112,"column":11}},{"start":{"line":109,"column":10},"end":{"line":112,"column":11}}],"line":109},"19":{"loc":{"start":{"line":115,"column":8},"end":{"line":116,"column":42}},"type":"if","locations":[{"start":{"line":115,"column":8},"end":{"line":116,"column":42}},{"start":{"line":115,"column":8},"end":{"line":116,"column":42}}],"line":115},"20":{"loc":{"start":{"line":120,"column":6},"end":{"line":123,"column":69}},"type":"if","locations":[{"start":{"line":120,"column":6},"end":{"line":123,"column":69}},{"start":{"line":120,"column":6},"end":{"line":123,"column":69}}],"line":120},"21":{"loc":{"start":{"line":122,"column":11},"end":{"line":123,"column":69}},"type":"if","locations":[{"start":{"line":122,"column":11},"end":{"line":123,"column":69}},{"start":{"line":122,"column":11},"end":{"line":123,"column":69}}],"line":122},"22":{"loc":{"start":{"line":142,"column":8},"end":{"line":151,"column":9}},"type":"if","locations":[{"start":{"line":142,"column":8},"end":{"line":151,"column":9}},{"start":{"line":142,"column":8},"end":{"line":151,"column":9}}],"line":142},"23":{"loc":{"start":{"line":144,"column":12},"end":{"line":149,"column":13}},"type":"if","locations":[{"start":{"line":144,"column":12},"end":{"line":149,"column":13}},{"start":{"line":144,"column":12},"end":{"line":149,"column":13}}],"line":144},"24":{"loc":{"start":{"line":154,"column":8},"end":{"line":155,"column":42}},"type":"if","locations":[{"start":{"line":154,"column":8},"end":{"line":155,"column":42}},{"start":{"line":154,"column":8},"end":{"line":155,"column":42}}],"line":154},"25":{"loc":{"start":{"line":154,"column":11},"end":{"line":154,"column":36}},"type":"binary-expr","locations":[{"start":{"line":154,"column":11},"end":{"line":154,"column":17}},{"start":{"line":154,"column":21},"end":{"line":154,"column":36}}],"line":154},"26":{"loc":{"start":{"line":159,"column":6},"end":{"line":168,"column":11}},"type":"if","locations":[{"start":{"line":159,"column":6},"end":{"line":168,"column":11}},{"start":{"line":159,"column":6},"end":{"line":168,"column":11}}],"line":159},"27":{"loc":{"start":{"line":162,"column":10},"end":{"line":164,"column":11}},"type":"if","locations":[{"start":{"line":162,"column":10},"end":{"line":164,"column":11}},{"start":{"line":162,"column":10},"end":{"line":164,"column":11}}],"line":162},"28":{"loc":{"start":{"line":173,"column":6},"end":{"line":175,"column":87}},"type":"if","locations":[{"start":{"line":173,"column":6},"end":{"line":175,"column":87}},{"start":{"line":173,"column":6},"end":{"line":175,"column":87}}],"line":173}},"s":{"0":4,"1":4,"2":4,"3":4,"4":4,"5":4,"6":22,"7":8,"8":8,"9":1,"10":7,"11":2,"12":1,"13":1,"14":1,"15":5,"16":1,"17":4,"18":1,"19":3,"20":1,"21":2,"22":2,"23":0,"24":4,"25":8,"26":8,"27":8,"28":8,"29":8,"30":3,"31":2,"32":2,"33":6,"34":4,"35":11,"36":11,"37":11,"38":11,"39":2,"40":9,"41":9,"42":6,"43":3,"44":3,"45":3,"46":3,"47":3,"48":0,"49":3,"50":3,"51":8,"52":4,"53":4,"54":4,"55":4,"56":4,"57":1,"58":1,"59":0,"60":0,"61":0,"62":0,"63":0,"64":3,"65":1,"66":0,"67":2,"68":1,"69":0,"70":1,"71":4,"72":4,"73":4,"74":4,"75":4,"76":4,"77":4,"78":4,"79":2,"80":0,"81":0,"82":0,"83":0,"84":2,"85":1,"86":1,"87":1,"88":0,"89":0,"90":0,"91":0,"92":0,"93":0,"94":0,"95":0,"96":4,"97":4,"98":4,"99":4,"100":4,"101":4,"102":4,"103":4,"104":4},"f":{"0":22,"1":8,"2":11,"3":6,"4":4,"5":0,"6":0,"7":0,"8":4,"9":0,"10":0},"b":{"0":[8,14],"1":[1,7],"2":[2,5],"3":[1,1],"4":[1,0],"5":[1,4],"6":[1,3],"7":[1,2],"8":[2,0],"9":[2,9],"10":[11,8,6,4],"11":[3,3],"12":[1,2],"13":[1,2],"14":[0,3],"15":[1,2],"16":[3,0],"17":[1,3],"18":[0,0],"19":[0,0],"20":[1,2],"21":[1,1],"22":[2,2],"23":[0,0],"24":[1,1],"25":[2,2],"26":[1,0],"27":[0,0],"28":[0,0]},"_coverageSchema":"1a1c01bbd47fc00a2c39e90264f33305004495a9","hash":"933ed05caa0bc977321f81e30b9b28fe73501649"}
}
