{"/home/biniox/Pulpit/newYourWallet-API/app.js": {"path":"/home/biniox/Pulpit/newYourWallet-API/app.js","statementMap":{"0":{"start":{"line":1,"column":16},"end":{"line":1,"column":34}},"1":{"start":{"line":2,"column":13},"end":{"line":2,"column":28}},"2":{"start":{"line":3,"column":21},"end":{"line":3,"column":45}},"3":{"start":{"line":4,"column":15},"end":{"line":4,"column":32}},"4":{"start":{"line":6,"column":20},"end":{"line":6,"column":45}},"5":{"start":{"line":7,"column":22},"end":{"line":7,"column":47}},"6":{"start":{"line":8,"column":23},"end":{"line":8,"column":51}},"7":{"start":{"line":9,"column":22},"end":{"line":9,"column":49}},"8":{"start":{"line":10,"column":22},"end":{"line":10,"column":49}},"9":{"start":{"line":12,"column":12},"end":{"line":12,"column":21}},"10":{"start":{"line":14,"column":0},"end":{"line":14,"column":23}},"11":{"start":{"line":15,"column":0},"end":{"line":15,"column":24}},"12":{"start":{"line":16,"column":0},"end":{"line":16,"column":49}},"13":{"start":{"line":17,"column":0},"end":{"line":17,"column":24}},"14":{"start":{"line":18,"column":0},"end":{"line":18,"column":56}},"15":{"start":{"line":19,"column":0},"end":{"line":22,"column":3}},"16":{"start":{"line":20,"column":4},"end":{"line":20,"column":37}},"17":{"start":{"line":21,"column":4},"end":{"line":21,"column":11}},"18":{"start":{"line":25,"column":0},"end":{"line":25,"column":26}},"19":{"start":{"line":26,"column":0},"end":{"line":26,"column":31}},"20":{"start":{"line":27,"column":0},"end":{"line":27,"column":37}},"21":{"start":{"line":29,"column":0},"end":{"line":29,"column":35}},"22":{"start":{"line":30,"column":0},"end":{"line":30,"column":35}},"23":{"start":{"line":32,"column":0},"end":{"line":32,"column":21}}},"fnMap":{"0":{"name":"(anonymous_0)","decl":{"start":{"line":19,"column":8},"end":{"line":19,"column":9}},"loc":{"start":{"line":19,"column":27},"end":{"line":22,"column":1}},"line":19}},"branchMap":{},"s":{"0":1,"1":1,"2":1,"3":1,"4":1,"5":1,"6":1,"7":1,"8":1,"9":1,"10":1,"11":1,"12":1,"13":1,"14":1,"15":1,"16":13,"17":13,"18":1,"19":1,"20":1,"21":1,"22":1,"23":1},"f":{"0":13},"b":{},"_coverageSchema":"1a1c01bbd47fc00a2c39e90264f33305004495a9","hash":"a37cbbc05043dc8ce3d4f332bc2d93d9326cf2c7"}
,"/home/biniox/Pulpit/newYourWallet-API/config.js": {"path":"/home/biniox/Pulpit/newYourWallet-API/config.js","statementMap":{"0":{"start":{"line":1,"column":0},"end":{"line":5,"column":1}}},"fnMap":{},"branchMap":{},"s":{"0":1},"f":{},"b":{},"_coverageSchema":"1a1c01bbd47fc00a2c39e90264f33305004495a9","hash":"9639bf57197902c14db1ee8bb0088d98b766c8e4"}
,"/home/biniox/Pulpit/newYourWallet-API/db/client.js": {"path":"/home/biniox/Pulpit/newYourWallet-API/db/client.js","statementMap":{"0":{"start":{"line":1,"column":17},"end":{"line":1,"column":36}},"1":{"start":{"line":2,"column":22},"end":{"line":2,"column":42}},"2":{"start":{"line":4,"column":14},"end":{"line":4,"column":67}},"3":{"start":{"line":4,"column":27},"end":{"line":4,"column":67}},"4":{"start":{"line":5,"column":16},"end":{"line":5,"column":134}},"5":{"start":{"line":5,"column":28},"end":{"line":5,"column":134}},"6":{"start":{"line":6,"column":21},"end":{"line":6,"column":66}},"7":{"start":{"line":6,"column":33},"end":{"line":6,"column":66}},"8":{"start":{"line":8,"column":0},"end":{"line":8,"column":10}},"9":{"start":{"line":10,"column":11},"end":{"line":10,"column":30}},"10":{"start":{"line":12,"column":0},"end":{"line":12,"column":65}},"11":{"start":{"line":13,"column":0},"end":{"line":13,"column":73}},"12":{"start":{"line":13,"column":22},"end":{"line":13,"column":71}},"13":{"start":{"line":15,"column":2},"end":{"line":20,"column":4}}},"fnMap":{"0":{"name":"(anonymous_0)","decl":{"start":{"line":4,"column":14},"end":{"line":4,"column":15}},"loc":{"start":{"line":4,"column":27},"end":{"line":4,"column":67}},"line":4},"1":{"name":"(anonymous_1)","decl":{"start":{"line":5,"column":16},"end":{"line":5,"column":17}},"loc":{"start":{"line":5,"column":28},"end":{"line":5,"column":134}},"line":5},"2":{"name":"(anonymous_2)","decl":{"start":{"line":6,"column":21},"end":{"line":6,"column":22}},"loc":{"start":{"line":6,"column":33},"end":{"line":6,"column":66}},"line":6},"3":{"name":"(anonymous_3)","decl":{"start":{"line":13,"column":16},"end":{"line":13,"column":17}},"loc":{"start":{"line":13,"column":22},"end":{"line":13,"column":71}},"line":13}},"branchMap":{},"s":{"0":1,"1":1,"2":1,"3":1,"4":1,"5":2,"6":1,"7":1,"8":1,"9":1,"10":1,"11":1,"12":1,"13":1},"f":{"0":1,"1":2,"2":1,"3":1},"b":{},"_coverageSchema":"1a1c01bbd47fc00a2c39e90264f33305004495a9","hash":"5a8225f50e285c619fde34264c669ffb08d994bd"}
,"/home/biniox/Pulpit/newYourWallet-API/models/model.js": {"path":"/home/biniox/Pulpit/newYourWallet-API/models/model.js","statementMap":{"0":{"start":{"line":1,"column":18},"end":{"line":1,"column":37}},"1":{"start":{"line":2,"column":15},"end":{"line":2,"column":32}},"2":{"start":{"line":4,"column":24},"end":{"line":4,"column":46}},"3":{"start":{"line":7,"column":23},"end":{"line":7,"column":70}},"4":{"start":{"line":7,"column":31},"end":{"line":7,"column":69}},"5":{"start":{"line":9,"column":21},"end":{"line":9,"column":64}},"6":{"start":{"line":9,"column":31},"end":{"line":9,"column":64}},"7":{"start":{"line":11,"column":28},"end":{"line":11,"column":77}},"8":{"start":{"line":11,"column":46},"end":{"line":11,"column":77}},"9":{"start":{"line":13,"column":22},"end":{"line":15,"column":2}},"10":{"start":{"line":17,"column":21},"end":{"line":21,"column":2}},"11":{"start":{"line":23,"column":21},"end":{"line":29,"column":2}},"12":{"start":{"line":31,"column":18},"end":{"line":42,"column":2}},"13":{"start":{"line":44,"column":0},"end":{"line":48,"column":3}},"14":{"start":{"line":45,"column":4},"end":{"line":46,"column":52}},"15":{"start":{"line":46,"column":8},"end":{"line":46,"column":52}},"16":{"start":{"line":47,"column":4},"end":{"line":47,"column":11}},"17":{"start":{"line":50,"column":0},"end":{"line":58,"column":1}}},"fnMap":{"0":{"name":"(anonymous_0)","decl":{"start":{"line":7,"column":23},"end":{"line":7,"column":24}},"loc":{"start":{"line":7,"column":31},"end":{"line":7,"column":69}},"line":7},"1":{"name":"(anonymous_1)","decl":{"start":{"line":9,"column":21},"end":{"line":9,"column":22}},"loc":{"start":{"line":9,"column":31},"end":{"line":9,"column":64}},"line":9},"2":{"name":"(anonymous_2)","decl":{"start":{"line":11,"column":28},"end":{"line":11,"column":29}},"loc":{"start":{"line":11,"column":46},"end":{"line":11,"column":77}},"line":11},"3":{"name":"(anonymous_3)","decl":{"start":{"line":44,"column":22},"end":{"line":44,"column":23}},"loc":{"start":{"line":44,"column":37},"end":{"line":48,"column":1}},"line":44}},"branchMap":{"0":{"loc":{"start":{"line":7,"column":31},"end":{"line":7,"column":69}},"type":"binary-expr","locations":[{"start":{"line":7,"column":31},"end":{"line":7,"column":48}},{"start":{"line":7,"column":52},"end":{"line":7,"column":69}}],"line":7},"1":{"loc":{"start":{"line":45,"column":4},"end":{"line":46,"column":52}},"type":"if","locations":[{"start":{"line":45,"column":4},"end":{"line":46,"column":52}},{"start":{"line":45,"column":4},"end":{"line":46,"column":52}}],"line":45}},"s":{"0":1,"1":1,"2":1,"3":1,"4":2,"5":1,"6":1,"7":1,"8":1,"9":1,"10":1,"11":1,"12":1,"13":1,"14":5,"15":1,"16":5,"17":1},"f":{"0":2,"1":1,"2":1,"3":5},"b":{"0":[2,2],"1":[1,4]},"_coverageSchema":"1a1c01bbd47fc00a2c39e90264f33305004495a9","hash":"6a37fc08b22b5b05effcf14eaadd9040a859121e"}
,"/home/biniox/Pulpit/newYourWallet-API/routes/category.js": {"path":"/home/biniox/Pulpit/newYourWallet-API/routes/category.js","statementMap":{"0":{"start":{"line":1,"column":16},"end":{"line":1,"column":34}},"1":{"start":{"line":2,"column":17},"end":{"line":2,"column":36}},"2":{"start":{"line":4,"column":37},"end":{"line":4,"column":65}},"3":{"start":{"line":5,"column":24},"end":{"line":5,"column":42}},"4":{"start":{"line":7,"column":15},"end":{"line":7,"column":31}},"5":{"start":{"line":9,"column":32},"end":{"line":22,"column":1}},"6":{"start":{"line":11,"column":2},"end":{"line":21,"column":56}},"7":{"start":{"line":12,"column":4},"end":{"line":12,"column":83}},"8":{"start":{"line":14,"column":7},"end":{"line":21,"column":56}},"9":{"start":{"line":15,"column":4},"end":{"line":15,"column":77}},"10":{"start":{"line":17,"column":7},"end":{"line":21,"column":56}},"11":{"start":{"line":18,"column":4},"end":{"line":18,"column":85}},"12":{"start":{"line":21,"column":4},"end":{"line":21,"column":56}},"13":{"start":{"line":25,"column":20},"end":{"line":28,"column":1}},"14":{"start":{"line":26,"column":25},"end":{"line":26,"column":108}},"15":{"start":{"line":27,"column":4},"end":{"line":27,"column":23}},"16":{"start":{"line":30,"column":23},"end":{"line":45,"column":1}},"17":{"start":{"line":31,"column":2},"end":{"line":44,"column":3}},"18":{"start":{"line":32,"column":30},"end":{"line":32,"column":113}},"19":{"start":{"line":34,"column":18},"end":{"line":34,"column":58}},"20":{"start":{"line":35,"column":4},"end":{"line":35,"column":27}},"21":{"start":{"line":36,"column":4},"end":{"line":36,"column":25}},"22":{"start":{"line":38,"column":4},"end":{"line":38,"column":58}},"23":{"start":{"line":40,"column":4},"end":{"line":40,"column":20}},"24":{"start":{"line":43,"column":4},"end":{"line":43,"column":72}},"25":{"start":{"line":47,"column":23},"end":{"line":72,"column":1}},"26":{"start":{"line":48,"column":4},"end":{"line":70,"column":5}},"27":{"start":{"line":49,"column":6},"end":{"line":49,"column":50}},"28":{"start":{"line":49,"column":25},"end":{"line":49,"column":50}},"29":{"start":{"line":50,"column":20},"end":{"line":50,"column":104}},"30":{"start":{"line":52,"column":19},"end":{"line":52,"column":21}},"31":{"start":{"line":54,"column":6},"end":{"line":60,"column":9}},"32":{"start":{"line":55,"column":8},"end":{"line":58,"column":9}},"33":{"start":{"line":56,"column":10},"end":{"line":56,"column":36}},"34":{"start":{"line":57,"column":10},"end":{"line":57,"column":21}},"35":{"start":{"line":59,"column":8},"end":{"line":59,"column":20}},"36":{"start":{"line":62,"column":21},"end":{"line":62,"column":38}},"37":{"start":{"line":64,"column":6},"end":{"line":66,"column":40}},"38":{"start":{"line":65,"column":8},"end":{"line":65,"column":39}},"39":{"start":{"line":66,"column":11},"end":{"line":66,"column":40}},"40":{"start":{"line":69,"column":6},"end":{"line":69,"column":45}},"41":{"start":{"line":73,"column":23},"end":{"line":101,"column":1}},"42":{"start":{"line":74,"column":4},"end":{"line":99,"column":5}},"43":{"start":{"line":75,"column":20},"end":{"line":75,"column":104}},"44":{"start":{"line":77,"column":19},"end":{"line":77,"column":21}},"45":{"start":{"line":80,"column":7},"end":{"line":88,"column":9}},"46":{"start":{"line":81,"column":24},"end":{"line":81,"column":49}},"47":{"start":{"line":83,"column":8},"end":{"line":86,"column":9}},"48":{"start":{"line":84,"column":10},"end":{"line":84,"column":21}},"49":{"start":{"line":85,"column":10},"end":{"line":85,"column":58}},"50":{"start":{"line":87,"column":8},"end":{"line":87,"column":23}},"51":{"start":{"line":91,"column":21},"end":{"line":91,"column":38}},"52":{"start":{"line":93,"column":6},"end":{"line":96,"column":40}},"53":{"start":{"line":94,"column":8},"end":{"line":94,"column":35}},"54":{"start":{"line":96,"column":11},"end":{"line":96,"column":40}},"55":{"start":{"line":98,"column":6},"end":{"line":98,"column":45}},"56":{"start":{"line":106,"column":0},"end":{"line":106,"column":45}},"57":{"start":{"line":107,"column":0},"end":{"line":107,"column":43}},"58":{"start":{"line":108,"column":0},"end":{"line":108,"column":49}},"59":{"start":{"line":109,"column":0},"end":{"line":109,"column":51}},"60":{"start":{"line":111,"column":0},"end":{"line":111,"column":24}}},"fnMap":{"0":{"name":"(anonymous_0)","decl":{"start":{"line":9,"column":32},"end":{"line":9,"column":33}},"loc":{"start":{"line":9,"column":49},"end":{"line":22,"column":1}},"line":9},"1":{"name":"(anonymous_1)","decl":{"start":{"line":25,"column":20},"end":{"line":25,"column":21}},"loc":{"start":{"line":25,"column":45},"end":{"line":28,"column":1}},"line":25},"2":{"name":"(anonymous_2)","decl":{"start":{"line":30,"column":23},"end":{"line":30,"column":24}},"loc":{"start":{"line":30,"column":49},"end":{"line":45,"column":1}},"line":30},"3":{"name":"(anonymous_3)","decl":{"start":{"line":47,"column":23},"end":{"line":47,"column":24}},"loc":{"start":{"line":47,"column":49},"end":{"line":72,"column":1}},"line":47},"4":{"name":"(anonymous_4)","decl":{"start":{"line":54,"column":24},"end":{"line":54,"column":25}},"loc":{"start":{"line":54,"column":38},"end":{"line":60,"column":7}},"line":54},"5":{"name":"(anonymous_5)","decl":{"start":{"line":73,"column":23},"end":{"line":73,"column":24}},"loc":{"start":{"line":73,"column":49},"end":{"line":101,"column":1}},"line":73},"6":{"name":"(anonymous_6)","decl":{"start":{"line":80,"column":44},"end":{"line":80,"column":45}},"loc":{"start":{"line":80,"column":58},"end":{"line":88,"column":7}},"line":80}},"branchMap":{"0":{"loc":{"start":{"line":11,"column":2},"end":{"line":21,"column":56}},"type":"if","locations":[{"start":{"line":11,"column":2},"end":{"line":21,"column":56}},{"start":{"line":11,"column":2},"end":{"line":21,"column":56}}],"line":11},"1":{"loc":{"start":{"line":14,"column":7},"end":{"line":21,"column":56}},"type":"if","locations":[{"start":{"line":14,"column":7},"end":{"line":21,"column":56}},{"start":{"line":14,"column":7},"end":{"line":21,"column":56}}],"line":14},"2":{"loc":{"start":{"line":17,"column":7},"end":{"line":21,"column":56}},"type":"if","locations":[{"start":{"line":17,"column":7},"end":{"line":21,"column":56}},{"start":{"line":17,"column":7},"end":{"line":21,"column":56}}],"line":17},"3":{"loc":{"start":{"line":49,"column":6},"end":{"line":49,"column":50}},"type":"if","locations":[{"start":{"line":49,"column":6},"end":{"line":49,"column":50}},{"start":{"line":49,"column":6},"end":{"line":49,"column":50}}],"line":49},"4":{"loc":{"start":{"line":55,"column":8},"end":{"line":58,"column":9}},"type":"if","locations":[{"start":{"line":55,"column":8},"end":{"line":58,"column":9}},{"start":{"line":55,"column":8},"end":{"line":58,"column":9}}],"line":55},"5":{"loc":{"start":{"line":64,"column":6},"end":{"line":66,"column":40}},"type":"if","locations":[{"start":{"line":64,"column":6},"end":{"line":66,"column":40}},{"start":{"line":64,"column":6},"end":{"line":66,"column":40}}],"line":64},"6":{"loc":{"start":{"line":83,"column":8},"end":{"line":86,"column":9}},"type":"if","locations":[{"start":{"line":83,"column":8},"end":{"line":86,"column":9}},{"start":{"line":83,"column":8},"end":{"line":86,"column":9}}],"line":83},"7":{"loc":{"start":{"line":93,"column":6},"end":{"line":96,"column":40}},"type":"if","locations":[{"start":{"line":93,"column":6},"end":{"line":96,"column":40}},{"start":{"line":93,"column":6},"end":{"line":96,"column":40}}],"line":93}},"s":{"0":1,"1":1,"2":1,"3":1,"4":1,"5":1,"6":4,"7":1,"8":3,"9":1,"10":2,"11":2,"12":0,"13":1,"14":2,"15":2,"16":1,"17":2,"18":2,"19":2,"20":2,"21":1,"22":1,"23":1,"24":1,"25":1,"26":3,"27":3,"28":1,"29":2,"30":2,"31":2,"32":2,"33":1,"34":1,"35":2,"36":2,"37":2,"38":1,"39":1,"40":2,"41":1,"42":2,"43":2,"44":2,"45":2,"46":1,"47":1,"48":1,"49":1,"50":1,"51":2,"52":2,"53":1,"54":1,"55":1,"56":1,"57":1,"58":1,"59":1,"60":1},"f":{"0":4,"1":2,"2":2,"3":3,"4":2,"5":2,"6":1},"b":{"0":[1,3],"1":[1,2],"2":[2,0],"3":[1,2],"4":[1,1],"5":[1,1],"6":[1,0],"7":[1,1]},"_coverageSchema":"1a1c01bbd47fc00a2c39e90264f33305004495a9","hash":"6e7c9f7b26043cd9af5288dc17cc0ac8f502da92"}
,"/home/biniox/Pulpit/newYourWallet-API/routes/index.js": {"path":"/home/biniox/Pulpit/newYourWallet-API/routes/index.js","statementMap":{"0":{"start":{"line":1,"column":16},"end":{"line":1,"column":34}},"1":{"start":{"line":2,"column":15},"end":{"line":2,"column":31}},"2":{"start":{"line":4,"column":11},"end":{"line":4,"column":36}},"3":{"start":{"line":8,"column":0},"end":{"line":10,"column":3}},"4":{"start":{"line":9,"column":2},"end":{"line":9,"column":44}},"5":{"start":{"line":12,"column":0},"end":{"line":12,"column":24}}},"fnMap":{"0":{"name":"(anonymous_0)","decl":{"start":{"line":8,"column":15},"end":{"line":8,"column":16}},"loc":{"start":{"line":8,"column":35},"end":{"line":10,"column":1}},"line":8}},"branchMap":{},"s":{"0":1,"1":1,"2":1,"3":1,"4":0,"5":1},"f":{"0":0},"b":{},"_coverageSchema":"1a1c01bbd47fc00a2c39e90264f33305004495a9","hash":"2797e620d8db7ba8a7c0f7dccbe2fd3b983d900c"}
,"/home/biniox/Pulpit/newYourWallet-API/routes/purpose.js": {"path":"/home/biniox/Pulpit/newYourWallet-API/routes/purpose.js","statementMap":{"0":{"start":{"line":1,"column":16},"end":{"line":1,"column":34}},"1":{"start":{"line":2,"column":15},"end":{"line":2,"column":31}},"2":{"start":{"line":5,"column":0},"end":{"line":7,"column":3}},"3":{"start":{"line":6,"column":2},"end":{"line":6,"column":38}},"4":{"start":{"line":9,"column":0},"end":{"line":9,"column":24}}},"fnMap":{"0":{"name":"(anonymous_0)","decl":{"start":{"line":5,"column":23},"end":{"line":5,"column":24}},"loc":{"start":{"line":5,"column":43},"end":{"line":7,"column":1}},"line":5}},"branchMap":{},"s":{"0":1,"1":1,"2":1,"3":0,"4":1},"f":{"0":0},"b":{},"_coverageSchema":"1a1c01bbd47fc00a2c39e90264f33305004495a9","hash":"f29d2dc2e6421a5076528cd590cb608df2996dee"}
,"/home/biniox/Pulpit/newYourWallet-API/routes/users.js": {"path":"/home/biniox/Pulpit/newYourWallet-API/routes/users.js","statementMap":{"0":{"start":{"line":1,"column":16},"end":{"line":1,"column":34}},"1":{"start":{"line":2,"column":17},"end":{"line":2,"column":36}},"2":{"start":{"line":3,"column":12},"end":{"line":3,"column":35}},"3":{"start":{"line":5,"column":15},"end":{"line":5,"column":31}},"4":{"start":{"line":7,"column":29},"end":{"line":7,"column":51}},"5":{"start":{"line":8,"column":41},"end":{"line":8,"column":69}},"6":{"start":{"line":13,"column":32},"end":{"line":41,"column":1}},"7":{"start":{"line":15,"column":2},"end":{"line":40,"column":57}},"8":{"start":{"line":16,"column":4},"end":{"line":16,"column":72}},"9":{"start":{"line":18,"column":7},"end":{"line":40,"column":57}},"10":{"start":{"line":19,"column":4},"end":{"line":19,"column":74}},"11":{"start":{"line":21,"column":7},"end":{"line":40,"column":57}},"12":{"start":{"line":22,"column":4},"end":{"line":22,"column":77}},"13":{"start":{"line":24,"column":7},"end":{"line":40,"column":57}},"14":{"start":{"line":25,"column":4},"end":{"line":25,"column":68}},"15":{"start":{"line":27,"column":7},"end":{"line":40,"column":57}},"16":{"start":{"line":28,"column":4},"end":{"line":28,"column":72}},"17":{"start":{"line":30,"column":7},"end":{"line":40,"column":57}},"18":{"start":{"line":31,"column":4},"end":{"line":31,"column":79}},"19":{"start":{"line":33,"column":7},"end":{"line":40,"column":57}},"20":{"start":{"line":34,"column":4},"end":{"line":34,"column":81}},"21":{"start":{"line":36,"column":7},"end":{"line":40,"column":57}},"22":{"start":{"line":37,"column":4},"end":{"line":37,"column":117}},"23":{"start":{"line":40,"column":4},"end":{"line":40,"column":57}},"24":{"start":{"line":44,"column":24},"end":{"line":51,"column":2}},"25":{"start":{"line":45,"column":24},"end":{"line":45,"column":105}},"26":{"start":{"line":47,"column":25},"end":{"line":47,"column":104}},"27":{"start":{"line":49,"column":2},"end":{"line":49,"column":39}},"28":{"start":{"line":53,"column":21},"end":{"line":74,"column":2}},"29":{"start":{"line":56,"column":2},"end":{"line":72,"column":3}},"30":{"start":{"line":57,"column":18},"end":{"line":57,"column":54}},"31":{"start":{"line":58,"column":4},"end":{"line":68,"column":5}},"32":{"start":{"line":59,"column":24},"end":{"line":59,"column":62}},"33":{"start":{"line":61,"column":6},"end":{"line":62,"column":63}},"34":{"start":{"line":62,"column":8},"end":{"line":62,"column":63}},"35":{"start":{"line":64,"column":6},"end":{"line":64,"column":28}},"36":{"start":{"line":65,"column":6},"end":{"line":65,"column":13}},"37":{"start":{"line":67,"column":6},"end":{"line":67,"column":24}},"38":{"start":{"line":71,"column":4},"end":{"line":71,"column":52}},"39":{"start":{"line":76,"column":22},"end":{"line":87,"column":1}},"40":{"start":{"line":77,"column":2},"end":{"line":84,"column":3}},"41":{"start":{"line":78,"column":19},"end":{"line":78,"column":42}},"42":{"start":{"line":79,"column":6},"end":{"line":79,"column":28}},"43":{"start":{"line":80,"column":6},"end":{"line":80,"column":24}},"44":{"start":{"line":81,"column":6},"end":{"line":81,"column":39}},"45":{"start":{"line":83,"column":6},"end":{"line":83,"column":38}},"46":{"start":{"line":89,"column":16},"end":{"line":102,"column":1}},"47":{"start":{"line":92,"column":2},"end":{"line":101,"column":3}},"48":{"start":{"line":93,"column":15},"end":{"line":93,"column":53}},"49":{"start":{"line":95,"column":4},"end":{"line":97,"column":52}},"50":{"start":{"line":96,"column":18},"end":{"line":96,"column":44}},"51":{"start":{"line":97,"column":18},"end":{"line":97,"column":50}},"52":{"start":{"line":100,"column":4},"end":{"line":100,"column":55}},"53":{"start":{"line":104,"column":17},"end":{"line":114,"column":1}},"54":{"start":{"line":105,"column":28},"end":{"line":105,"column":36}},"55":{"start":{"line":107,"column":15},"end":{"line":107,"column":66}},"56":{"start":{"line":109,"column":2},"end":{"line":110,"column":46}},"57":{"start":{"line":110,"column":8},"end":{"line":110,"column":46}},"58":{"start":{"line":112,"column":2},"end":{"line":112,"column":55}},"59":{"start":{"line":118,"column":0},"end":{"line":118,"column":31}},"60":{"start":{"line":121,"column":0},"end":{"line":121,"column":35}},"61":{"start":{"line":124,"column":0},"end":{"line":124,"column":28}},"62":{"start":{"line":128,"column":0},"end":{"line":128,"column":113}},"63":{"start":{"line":128,"column":55},"end":{"line":128,"column":111}},"64":{"start":{"line":130,"column":0},"end":{"line":139,"column":2}}},"fnMap":{"0":{"name":"(anonymous_0)","decl":{"start":{"line":13,"column":32},"end":{"line":13,"column":33}},"loc":{"start":{"line":13,"column":46},"end":{"line":41,"column":1}},"line":13},"1":{"name":"(anonymous_1)","decl":{"start":{"line":44,"column":24},"end":{"line":44,"column":25}},"loc":{"start":{"line":44,"column":34},"end":{"line":51,"column":2}},"line":44},"2":{"name":"(anonymous_2)","decl":{"start":{"line":53,"column":21},"end":{"line":53,"column":22}},"loc":{"start":{"line":53,"column":39},"end":{"line":74,"column":2}},"line":53},"3":{"name":"(anonymous_3)","decl":{"start":{"line":76,"column":22},"end":{"line":76,"column":23}},"loc":{"start":{"line":76,"column":48},"end":{"line":87,"column":1}},"line":76},"4":{"name":"(anonymous_4)","decl":{"start":{"line":89,"column":16},"end":{"line":89,"column":17}},"loc":{"start":{"line":89,"column":36},"end":{"line":102,"column":1}},"line":89},"5":{"name":"(anonymous_5)","decl":{"start":{"line":96,"column":10},"end":{"line":96,"column":11}},"loc":{"start":{"line":96,"column":18},"end":{"line":96,"column":44}},"line":96},"6":{"name":"(anonymous_6)","decl":{"start":{"line":97,"column":11},"end":{"line":97,"column":12}},"loc":{"start":{"line":97,"column":18},"end":{"line":97,"column":50}},"line":97},"7":{"name":"(anonymous_7)","decl":{"start":{"line":104,"column":17},"end":{"line":104,"column":18}},"loc":{"start":{"line":104,"column":43},"end":{"line":114,"column":1}},"line":104},"8":{"name":"(anonymous_8)","decl":{"start":{"line":128,"column":42},"end":{"line":128,"column":43}},"loc":{"start":{"line":128,"column":55},"end":{"line":128,"column":111}},"line":128}},"branchMap":{"0":{"loc":{"start":{"line":15,"column":2},"end":{"line":40,"column":57}},"type":"if","locations":[{"start":{"line":15,"column":2},"end":{"line":40,"column":57}},{"start":{"line":15,"column":2},"end":{"line":40,"column":57}}],"line":15},"1":{"loc":{"start":{"line":15,"column":5},"end":{"line":15,"column":52}},"type":"binary-expr","locations":[{"start":{"line":15,"column":5},"end":{"line":15,"column":22}},{"start":{"line":15,"column":26},"end":{"line":15,"column":52}}],"line":15},"2":{"loc":{"start":{"line":18,"column":7},"end":{"line":40,"column":57}},"type":"if","locations":[{"start":{"line":18,"column":7},"end":{"line":40,"column":57}},{"start":{"line":18,"column":7},"end":{"line":40,"column":57}}],"line":18},"3":{"loc":{"start":{"line":21,"column":7},"end":{"line":40,"column":57}},"type":"if","locations":[{"start":{"line":21,"column":7},"end":{"line":40,"column":57}},{"start":{"line":21,"column":7},"end":{"line":40,"column":57}}],"line":21},"4":{"loc":{"start":{"line":21,"column":10},"end":{"line":21,"column":69}},"type":"binary-expr","locations":[{"start":{"line":21,"column":10},"end":{"line":21,"column":26}},{"start":{"line":21,"column":30},"end":{"line":21,"column":69}}],"line":21},"5":{"loc":{"start":{"line":24,"column":7},"end":{"line":40,"column":57}},"type":"if","locations":[{"start":{"line":24,"column":7},"end":{"line":40,"column":57}},{"start":{"line":24,"column":7},"end":{"line":40,"column":57}}],"line":24},"6":{"loc":{"start":{"line":27,"column":7},"end":{"line":40,"column":57}},"type":"if","locations":[{"start":{"line":27,"column":7},"end":{"line":40,"column":57}},{"start":{"line":27,"column":7},"end":{"line":40,"column":57}}],"line":27},"7":{"loc":{"start":{"line":30,"column":7},"end":{"line":40,"column":57}},"type":"if","locations":[{"start":{"line":30,"column":7},"end":{"line":40,"column":57}},{"start":{"line":30,"column":7},"end":{"line":40,"column":57}}],"line":30},"8":{"loc":{"start":{"line":33,"column":7},"end":{"line":40,"column":57}},"type":"if","locations":[{"start":{"line":33,"column":7},"end":{"line":40,"column":57}},{"start":{"line":33,"column":7},"end":{"line":40,"column":57}}],"line":33},"9":{"loc":{"start":{"line":36,"column":7},"end":{"line":40,"column":57}},"type":"if","locations":[{"start":{"line":36,"column":7},"end":{"line":40,"column":57}},{"start":{"line":36,"column":7},"end":{"line":40,"column":57}}],"line":36},"10":{"loc":{"start":{"line":58,"column":4},"end":{"line":68,"column":5}},"type":"if","locations":[{"start":{"line":58,"column":4},"end":{"line":68,"column":5}},{"start":{"line":58,"column":4},"end":{"line":68,"column":5}}],"line":58},"11":{"loc":{"start":{"line":61,"column":6},"end":{"line":62,"column":63}},"type":"if","locations":[{"start":{"line":61,"column":6},"end":{"line":62,"column":63}},{"start":{"line":61,"column":6},"end":{"line":62,"column":63}}],"line":61},"12":{"loc":{"start":{"line":92,"column":2},"end":{"line":101,"column":3}},"type":"if","locations":[{"start":{"line":92,"column":2},"end":{"line":101,"column":3}},{"start":{"line":92,"column":2},"end":{"line":101,"column":3}}],"line":92},"13":{"loc":{"start":{"line":109,"column":2},"end":{"line":110,"column":46}},"type":"if","locations":[{"start":{"line":109,"column":2},"end":{"line":110,"column":46}},{"start":{"line":109,"column":2},"end":{"line":110,"column":46}}],"line":109},"14":{"loc":{"start":{"line":109,"column":5},"end":{"line":109,"column":57}},"type":"binary-expr","locations":[{"start":{"line":109,"column":5},"end":{"line":109,"column":9}},{"start":{"line":109,"column":13},"end":{"line":109,"column":57}}],"line":109}},"s":{"0":1,"1":1,"2":1,"3":1,"4":1,"5":1,"6":1,"7":2,"8":0,"9":2,"10":0,"11":2,"12":0,"13":2,"14":0,"15":2,"16":0,"17":2,"18":0,"19":2,"20":2,"21":0,"22":0,"23":0,"24":1,"25":1,"26":1,"27":1,"28":1,"29":11,"30":11,"31":11,"32":11,"33":9,"34":0,"35":9,"36":9,"37":0,"38":2,"39":1,"40":1,"41":1,"42":1,"43":1,"44":1,"45":0,"46":1,"47":0,"48":0,"49":0,"50":0,"51":0,"52":0,"53":1,"54":1,"55":1,"56":1,"57":1,"58":0,"59":1,"60":1,"61":1,"62":1,"63":0,"64":1},"f":{"0":2,"1":1,"2":11,"3":1,"4":0,"5":0,"6":0,"7":1,"8":0},"b":{"0":[0,2],"1":[2,0],"2":[0,2],"3":[0,2],"4":[2,0],"5":[0,2],"6":[0,2],"7":[0,2],"8":[2,0],"9":[0,0],"10":[11,0],"11":[0,9],"12":[0,0],"13":[1,0],"14":[1,1]},"_coverageSchema":"1a1c01bbd47fc00a2c39e90264f33305004495a9","hash":"c89b3ae8e42fe46c871ced02ed7aab40361cc5cd"}
,"/home/biniox/Pulpit/newYourWallet-API/routes/expense/index.js": {"path":"/home/biniox/Pulpit/newYourWallet-API/routes/expense/index.js","statementMap":{"0":{"start":{"line":1,"column":18},"end":{"line":1,"column":36}},"1":{"start":{"line":2,"column":16},"end":{"line":2,"column":34}},"2":{"start":{"line":3,"column":17},"end":{"line":3,"column":36}},"3":{"start":{"line":4,"column":36},"end":{"line":4,"column":67}},"4":{"start":{"line":6,"column":15},"end":{"line":6,"column":31}},"5":{"start":{"line":7,"column":24},"end":{"line":7,"column":45}},"6":{"start":{"line":9,"column":32},"end":{"line":37,"column":1}},"7":{"start":{"line":10,"column":2},"end":{"line":35,"column":3}},"8":{"start":{"line":12,"column":47},"end":{"line":12,"column":53}},"9":{"start":{"line":13,"column":4},"end":{"line":33,"column":76}},"10":{"start":{"line":14,"column":6},"end":{"line":14,"column":67}},"11":{"start":{"line":16,"column":9},"end":{"line":33,"column":76}},"12":{"start":{"line":17,"column":6},"end":{"line":19,"column":83}},"13":{"start":{"line":18,"column":8},"end":{"line":19,"column":83}},"14":{"start":{"line":19,"column":10},"end":{"line":19,"column":83}},"15":{"start":{"line":20,"column":6},"end":{"line":20,"column":67}},"16":{"start":{"line":23,"column":9},"end":{"line":33,"column":76}},"17":{"start":{"line":24,"column":6},"end":{"line":24,"column":75}},"18":{"start":{"line":26,"column":9},"end":{"line":33,"column":76}},"19":{"start":{"line":27,"column":6},"end":{"line":27,"column":74}},"20":{"start":{"line":29,"column":9},"end":{"line":33,"column":76}},"21":{"start":{"line":30,"column":6},"end":{"line":30,"column":68}},"22":{"start":{"line":33,"column":6},"end":{"line":33,"column":76}},"23":{"start":{"line":40,"column":22},"end":{"line":55,"column":1}},"24":{"start":{"line":41,"column":2},"end":{"line":54,"column":3}},"25":{"start":{"line":42,"column":25},"end":{"line":42,"column":28}},"26":{"start":{"line":43,"column":17},"end":{"line":43,"column":88}},"27":{"start":{"line":46,"column":20},"end":{"line":46,"column":42}},"28":{"start":{"line":47,"column":4},"end":{"line":47,"column":29}},"29":{"start":{"line":48,"column":4},"end":{"line":48,"column":31}},"30":{"start":{"line":49,"column":4},"end":{"line":49,"column":53}},"31":{"start":{"line":51,"column":4},"end":{"line":51,"column":22}},"32":{"start":{"line":53,"column":4},"end":{"line":53,"column":43}},"33":{"start":{"line":57,"column":20},"end":{"line":97,"column":1}},"34":{"start":{"line":58,"column":2},"end":{"line":96,"column":3}},"35":{"start":{"line":59,"column":67},"end":{"line":59,"column":70}},"36":{"start":{"line":61,"column":4},"end":{"line":62,"column":45}},"37":{"start":{"line":62,"column":6},"end":{"line":62,"column":45}},"38":{"start":{"line":64,"column":4},"end":{"line":66,"column":76}},"39":{"start":{"line":65,"column":6},"end":{"line":66,"column":76}},"40":{"start":{"line":66,"column":8},"end":{"line":66,"column":76}},"41":{"start":{"line":67,"column":4},"end":{"line":69,"column":44}},"42":{"start":{"line":68,"column":6},"end":{"line":69,"column":44}},"43":{"start":{"line":69,"column":8},"end":{"line":69,"column":44}},"44":{"start":{"line":71,"column":22},"end":{"line":71,"column":31}},"45":{"start":{"line":72,"column":19},"end":{"line":72,"column":24}},"46":{"start":{"line":74,"column":17},"end":{"line":74,"column":88}},"47":{"start":{"line":77,"column":4},"end":{"line":86,"column":7}},"48":{"start":{"line":78,"column":6},"end":{"line":84,"column":7}},"49":{"start":{"line":79,"column":8},"end":{"line":79,"column":34}},"50":{"start":{"line":79,"column":17},"end":{"line":79,"column":34}},"51":{"start":{"line":80,"column":8},"end":{"line":80,"column":34}},"52":{"start":{"line":80,"column":17},"end":{"line":80,"column":34}},"53":{"start":{"line":81,"column":8},"end":{"line":81,"column":52}},"54":{"start":{"line":81,"column":23},"end":{"line":81,"column":52}},"55":{"start":{"line":82,"column":8},"end":{"line":82,"column":34}},"56":{"start":{"line":82,"column":17},"end":{"line":82,"column":34}},"57":{"start":{"line":83,"column":8},"end":{"line":83,"column":24}},"58":{"start":{"line":85,"column":6},"end":{"line":85,"column":18}},"59":{"start":{"line":88,"column":4},"end":{"line":88,"column":53}},"60":{"start":{"line":88,"column":18},"end":{"line":88,"column":53}},"61":{"start":{"line":90,"column":17},"end":{"line":90,"column":64}},"62":{"start":{"line":93,"column":4},"end":{"line":93,"column":23}},"63":{"start":{"line":95,"column":4},"end":{"line":95,"column":43}},"64":{"start":{"line":99,"column":19},"end":{"line":123,"column":1}},"65":{"start":{"line":100,"column":2},"end":{"line":122,"column":3}},"66":{"start":{"line":101,"column":34},"end":{"line":101,"column":37}},"67":{"start":{"line":102,"column":17},"end":{"line":102,"column":88}},"68":{"start":{"line":104,"column":4},"end":{"line":112,"column":5}},"69":{"start":{"line":105,"column":19},"end":{"line":105,"column":55}},"70":{"start":{"line":106,"column":17},"end":{"line":106,"column":51}},"71":{"start":{"line":108,"column":6},"end":{"line":109,"column":44}},"72":{"start":{"line":109,"column":8},"end":{"line":109,"column":44}},"73":{"start":{"line":111,"column":6},"end":{"line":111,"column":87}},"74":{"start":{"line":111,"column":50},"end":{"line":111,"column":84}},"75":{"start":{"line":114,"column":4},"end":{"line":117,"column":5}},"76":{"start":{"line":115,"column":30},"end":{"line":115,"column":82}},"77":{"start":{"line":115,"column":59},"end":{"line":115,"column":80}},"78":{"start":{"line":116,"column":6},"end":{"line":116,"column":39}},"79":{"start":{"line":119,"column":4},"end":{"line":119,"column":27}},"80":{"start":{"line":121,"column":4},"end":{"line":121,"column":43}},"81":{"start":{"line":125,"column":22},"end":{"line":142,"column":1}},"82":{"start":{"line":126,"column":2},"end":{"line":140,"column":3}},"83":{"start":{"line":127,"column":19},"end":{"line":127,"column":29}},"84":{"start":{"line":129,"column":17},"end":{"line":129,"column":92}},"85":{"start":{"line":130,"column":24},"end":{"line":130,"column":43}},"86":{"start":{"line":132,"column":4},"end":{"line":132,"column":67}},"87":{"start":{"line":132,"column":48},"end":{"line":132,"column":65}},"88":{"start":{"line":134,"column":4},"end":{"line":135,"column":40}},"89":{"start":{"line":135,"column":6},"end":{"line":135,"column":40}},"90":{"start":{"line":136,"column":4},"end":{"line":136,"column":22}},"91":{"start":{"line":137,"column":4},"end":{"line":137,"column":53}},"92":{"start":{"line":139,"column":4},"end":{"line":139,"column":43}},"93":{"start":{"line":145,"column":0},"end":{"line":145,"column":45}},"94":{"start":{"line":146,"column":0},"end":{"line":146,"column":47}},"95":{"start":{"line":147,"column":0},"end":{"line":147,"column":45}},"96":{"start":{"line":148,"column":0},"end":{"line":148,"column":42}},"97":{"start":{"line":150,"column":0},"end":{"line":150,"column":51}},"98":{"start":{"line":151,"column":0},"end":{"line":151,"column":48}},"99":{"start":{"line":153,"column":0},"end":{"line":153,"column":24}}},"fnMap":{"0":{"name":"(anonymous_0)","decl":{"start":{"line":9,"column":32},"end":{"line":9,"column":33}},"loc":{"start":{"line":9,"column":56},"end":{"line":37,"column":1}},"line":9},"1":{"name":"(anonymous_1)","decl":{"start":{"line":40,"column":22},"end":{"line":40,"column":23}},"loc":{"start":{"line":40,"column":48},"end":{"line":55,"column":1}},"line":40},"2":{"name":"(anonymous_2)","decl":{"start":{"line":57,"column":20},"end":{"line":57,"column":21}},"loc":{"start":{"line":57,"column":46},"end":{"line":97,"column":1}},"line":57},"3":{"name":"(anonymous_3)","decl":{"start":{"line":77,"column":21},"end":{"line":77,"column":22}},"loc":{"start":{"line":77,"column":29},"end":{"line":86,"column":5}},"line":77},"4":{"name":"(anonymous_4)","decl":{"start":{"line":99,"column":19},"end":{"line":99,"column":20}},"loc":{"start":{"line":99,"column":45},"end":{"line":123,"column":1}},"line":99},"5":{"name":"(anonymous_5)","decl":{"start":{"line":111,"column":41},"end":{"line":111,"column":42}},"loc":{"start":{"line":111,"column":50},"end":{"line":111,"column":84}},"line":111},"6":{"name":"(anonymous_6)","decl":{"start":{"line":115,"column":50},"end":{"line":115,"column":51}},"loc":{"start":{"line":115,"column":59},"end":{"line":115,"column":80}},"line":115},"7":{"name":"(anonymous_7)","decl":{"start":{"line":125,"column":22},"end":{"line":125,"column":23}},"loc":{"start":{"line":125,"column":48},"end":{"line":142,"column":1}},"line":125},"8":{"name":"(anonymous_8)","decl":{"start":{"line":132,"column":40},"end":{"line":132,"column":41}},"loc":{"start":{"line":132,"column":48},"end":{"line":132,"column":65}},"line":132}},"branchMap":{"0":{"loc":{"start":{"line":10,"column":2},"end":{"line":35,"column":3}},"type":"if","locations":[{"start":{"line":10,"column":2},"end":{"line":35,"column":3}},{"start":{"line":10,"column":2},"end":{"line":35,"column":3}}],"line":10},"1":{"loc":{"start":{"line":13,"column":4},"end":{"line":33,"column":76}},"type":"if","locations":[{"start":{"line":13,"column":4},"end":{"line":33,"column":76}},{"start":{"line":13,"column":4},"end":{"line":33,"column":76}}],"line":13},"2":{"loc":{"start":{"line":16,"column":9},"end":{"line":33,"column":76}},"type":"if","locations":[{"start":{"line":16,"column":9},"end":{"line":33,"column":76}},{"start":{"line":16,"column":9},"end":{"line":33,"column":76}}],"line":16},"3":{"loc":{"start":{"line":17,"column":6},"end":{"line":19,"column":83}},"type":"if","locations":[{"start":{"line":17,"column":6},"end":{"line":19,"column":83}},{"start":{"line":17,"column":6},"end":{"line":19,"column":83}}],"line":17},"4":{"loc":{"start":{"line":18,"column":8},"end":{"line":19,"column":83}},"type":"if","locations":[{"start":{"line":18,"column":8},"end":{"line":19,"column":83}},{"start":{"line":18,"column":8},"end":{"line":19,"column":83}}],"line":18},"5":{"loc":{"start":{"line":23,"column":9},"end":{"line":33,"column":76}},"type":"if","locations":[{"start":{"line":23,"column":9},"end":{"line":33,"column":76}},{"start":{"line":23,"column":9},"end":{"line":33,"column":76}}],"line":23},"6":{"loc":{"start":{"line":26,"column":9},"end":{"line":33,"column":76}},"type":"if","locations":[{"start":{"line":26,"column":9},"end":{"line":33,"column":76}},{"start":{"line":26,"column":9},"end":{"line":33,"column":76}}],"line":26},"7":{"loc":{"start":{"line":29,"column":9},"end":{"line":33,"column":76}},"type":"if","locations":[{"start":{"line":29,"column":9},"end":{"line":33,"column":76}},{"start":{"line":29,"column":9},"end":{"line":33,"column":76}}],"line":29},"8":{"loc":{"start":{"line":61,"column":4},"end":{"line":62,"column":45}},"type":"if","locations":[{"start":{"line":61,"column":4},"end":{"line":62,"column":45}},{"start":{"line":61,"column":4},"end":{"line":62,"column":45}}],"line":61},"9":{"loc":{"start":{"line":61,"column":7},"end":{"line":61,"column":45}},"type":"binary-expr","locations":[{"start":{"line":61,"column":7},"end":{"line":61,"column":12}},{"start":{"line":61,"column":16},"end":{"line":61,"column":21}},{"start":{"line":61,"column":25},"end":{"line":61,"column":30}},{"start":{"line":61,"column":34},"end":{"line":61,"column":45}}],"line":61},"10":{"loc":{"start":{"line":64,"column":4},"end":{"line":66,"column":76}},"type":"if","locations":[{"start":{"line":64,"column":4},"end":{"line":66,"column":76}},{"start":{"line":64,"column":4},"end":{"line":66,"column":76}}],"line":64},"11":{"loc":{"start":{"line":65,"column":6},"end":{"line":66,"column":76}},"type":"if","locations":[{"start":{"line":65,"column":6},"end":{"line":66,"column":76}},{"start":{"line":65,"column":6},"end":{"line":66,"column":76}}],"line":65},"12":{"loc":{"start":{"line":67,"column":4},"end":{"line":69,"column":44}},"type":"if","locations":[{"start":{"line":67,"column":4},"end":{"line":69,"column":44}},{"start":{"line":67,"column":4},"end":{"line":69,"column":44}}],"line":67},"13":{"loc":{"start":{"line":68,"column":6},"end":{"line":69,"column":44}},"type":"if","locations":[{"start":{"line":68,"column":6},"end":{"line":69,"column":44}},{"start":{"line":68,"column":6},"end":{"line":69,"column":44}}],"line":68},"14":{"loc":{"start":{"line":78,"column":6},"end":{"line":84,"column":7}},"type":"if","locations":[{"start":{"line":78,"column":6},"end":{"line":84,"column":7}},{"start":{"line":78,"column":6},"end":{"line":84,"column":7}}],"line":78},"15":{"loc":{"start":{"line":79,"column":8},"end":{"line":79,"column":34}},"type":"if","locations":[{"start":{"line":79,"column":8},"end":{"line":79,"column":34}},{"start":{"line":79,"column":8},"end":{"line":79,"column":34}}],"line":79},"16":{"loc":{"start":{"line":80,"column":8},"end":{"line":80,"column":34}},"type":"if","locations":[{"start":{"line":80,"column":8},"end":{"line":80,"column":34}},{"start":{"line":80,"column":8},"end":{"line":80,"column":34}}],"line":80},"17":{"loc":{"start":{"line":81,"column":8},"end":{"line":81,"column":52}},"type":"if","locations":[{"start":{"line":81,"column":8},"end":{"line":81,"column":52}},{"start":{"line":81,"column":8},"end":{"line":81,"column":52}}],"line":81},"18":{"loc":{"start":{"line":82,"column":8},"end":{"line":82,"column":34}},"type":"if","locations":[{"start":{"line":82,"column":8},"end":{"line":82,"column":34}},{"start":{"line":82,"column":8},"end":{"line":82,"column":34}}],"line":82},"19":{"loc":{"start":{"line":88,"column":4},"end":{"line":88,"column":53}},"type":"if","locations":[{"start":{"line":88,"column":4},"end":{"line":88,"column":53}},{"start":{"line":88,"column":4},"end":{"line":88,"column":53}}],"line":88},"20":{"loc":{"start":{"line":104,"column":4},"end":{"line":112,"column":5}},"type":"if","locations":[{"start":{"line":104,"column":4},"end":{"line":112,"column":5}},{"start":{"line":104,"column":4},"end":{"line":112,"column":5}}],"line":104},"21":{"loc":{"start":{"line":104,"column":7},"end":{"line":104,"column":29}},"type":"binary-expr","locations":[{"start":{"line":104,"column":7},"end":{"line":104,"column":17}},{"start":{"line":104,"column":21},"end":{"line":104,"column":29}}],"line":104},"22":{"loc":{"start":{"line":105,"column":28},"end":{"line":105,"column":54}},"type":"binary-expr","locations":[{"start":{"line":105,"column":28},"end":{"line":105,"column":38}},{"start":{"line":105,"column":42},"end":{"line":105,"column":54}}],"line":105},"23":{"loc":{"start":{"line":106,"column":26},"end":{"line":106,"column":50}},"type":"binary-expr","locations":[{"start":{"line":106,"column":26},"end":{"line":106,"column":34}},{"start":{"line":106,"column":38},"end":{"line":106,"column":50}}],"line":106},"24":{"loc":{"start":{"line":108,"column":6},"end":{"line":109,"column":44}},"type":"if","locations":[{"start":{"line":108,"column":6},"end":{"line":109,"column":44}},{"start":{"line":108,"column":6},"end":{"line":109,"column":44}}],"line":108},"25":{"loc":{"start":{"line":108,"column":9},"end":{"line":108,"column":55}},"type":"binary-expr","locations":[{"start":{"line":108,"column":9},"end":{"line":108,"column":29}},{"start":{"line":108,"column":33},"end":{"line":108,"column":55}}],"line":108},"26":{"loc":{"start":{"line":111,"column":50},"end":{"line":111,"column":84}},"type":"binary-expr","locations":[{"start":{"line":111,"column":50},"end":{"line":111,"column":66}},{"start":{"line":111,"column":70},"end":{"line":111,"column":84}}],"line":111},"27":{"loc":{"start":{"line":114,"column":4},"end":{"line":117,"column":5}},"type":"if","locations":[{"start":{"line":114,"column":4},"end":{"line":117,"column":5}},{"start":{"line":114,"column":4},"end":{"line":117,"column":5}}],"line":114},"28":{"loc":{"start":{"line":134,"column":4},"end":{"line":135,"column":40}},"type":"if","locations":[{"start":{"line":134,"column":4},"end":{"line":135,"column":40}},{"start":{"line":134,"column":4},"end":{"line":135,"column":40}}],"line":134}},"s":{"0":1,"1":1,"2":1,"3":1,"4":1,"5":1,"6":1,"7":0,"8":0,"9":0,"10":0,"11":0,"12":0,"13":0,"14":0,"15":0,"16":0,"17":0,"18":0,"19":0,"20":0,"21":0,"22":0,"23":1,"24":0,"25":0,"26":0,"27":0,"28":0,"29":0,"30":0,"31":0,"32":0,"33":1,"34":0,"35":0,"36":0,"37":0,"38":0,"39":0,"40":0,"41":0,"42":0,"43":0,"44":0,"45":0,"46":0,"47":0,"48":0,"49":0,"50":0,"51":0,"52":0,"53":0,"54":0,"55":0,"56":0,"57":0,"58":0,"59":0,"60":0,"61":0,"62":0,"63":0,"64":1,"65":0,"66":0,"67":0,"68":0,"69":0,"70":0,"71":0,"72":0,"73":0,"74":0,"75":0,"76":0,"77":0,"78":0,"79":0,"80":0,"81":1,"82":0,"83":0,"84":0,"85":0,"86":0,"87":0,"88":0,"89":0,"90":0,"91":0,"92":0,"93":1,"94":1,"95":1,"96":1,"97":1,"98":1,"99":1},"f":{"0":0,"1":0,"2":0,"3":0,"4":0,"5":0,"6":0,"7":0,"8":0},"b":{"0":[0,0],"1":[0,0],"2":[0,0],"3":[0,0],"4":[0,0],"5":[0,0],"6":[0,0],"7":[0,0],"8":[0,0],"9":[0,0,0,0],"10":[0,0],"11":[0,0],"12":[0,0],"13":[0,0],"14":[0,0],"15":[0,0],"16":[0,0],"17":[0,0],"18":[0,0],"19":[0,0],"20":[0,0],"21":[0,0],"22":[0,0],"23":[0,0],"24":[0,0],"25":[0,0],"26":[0,0],"27":[0,0],"28":[0,0]},"_coverageSchema":"1a1c01bbd47fc00a2c39e90264f33305004495a9","hash":"1ef4682e5cf7b2e48be9683678435ab5f94bba59"}
}
