TN:
SF:app.js
FN:19,(anonymous_0)
FNF:1
FNH:1
FNDA:13,(anonymous_0)
DA:1,1
DA:2,1
DA:3,1
DA:4,1
DA:6,1
DA:7,1
DA:8,1
DA:9,1
DA:10,1
DA:12,1
DA:14,1
DA:15,1
DA:16,1
DA:17,1
DA:18,1
DA:19,1
DA:20,13
DA:21,13
DA:25,1
DA:26,1
DA:27,1
DA:29,1
DA:30,1
DA:32,1
LF:24
LH:24
BRF:0
BRH:0
end_of_record
TN:
SF:config.js
FNF:0
FNH:0
DA:1,1
LF:1
LH:1
BRF:0
BRH:0
end_of_record
TN:
SF:db/client.js
FN:4,(anonymous_0)
FN:5,(anonymous_1)
FN:6,(anonymous_2)
FN:13,(anonymous_3)
FNF:4
FNH:4
FNDA:1,(anonymous_0)
FNDA:2,(anonymous_1)
FNDA:1,(anonymous_2)
FNDA:1,(anonymous_3)
DA:1,1
DA:2,1
DA:4,1
DA:5,2
DA:6,1
DA:8,1
DA:10,1
DA:12,1
DA:13,1
DA:15,1
LF:10
LH:10
BRF:0
BRH:0
end_of_record
TN:
SF:models/model.js
FN:7,(anonymous_0)
FN:9,(anonymous_1)
FN:11,(anonymous_2)
FN:44,(anonymous_3)
FNF:4
FNH:4
FNDA:2,(anonymous_0)
FNDA:1,(anonymous_1)
FNDA:1,(anonymous_2)
FNDA:5,(anonymous_3)
DA:1,1
DA:2,1
DA:4,1
DA:7,2
DA:9,1
DA:11,1
DA:13,1
DA:17,1
DA:23,1
DA:31,1
DA:44,1
DA:45,5
DA:46,1
DA:47,5
DA:50,1
LF:15
LH:15
BRDA:7,0,0,2
BRDA:7,0,1,2
BRDA:45,1,0,1
BRDA:45,1,1,4
BRF:4
BRH:4
end_of_record
TN:
SF:routes/category.js
FN:9,(anonymous_0)
FN:25,(anonymous_1)
FN:30,(anonymous_2)
FN:47,(anonymous_3)
FN:54,(anonymous_4)
FN:73,(anonymous_5)
FN:80,(anonymous_6)
FNF:7
FNH:7
FNDA:4,(anonymous_0)
FNDA:2,(anonymous_1)
FNDA:2,(anonymous_2)
FNDA:3,(anonymous_3)
FNDA:2,(anonymous_4)
FNDA:2,(anonymous_5)
FNDA:1,(anonymous_6)
DA:1,1
DA:2,1
DA:4,1
DA:5,1
DA:7,1
DA:9,1
DA:11,4
DA:12,1
DA:14,3
DA:15,1
DA:17,2
DA:18,2
DA:21,0
DA:25,1
DA:26,2
DA:27,2
DA:30,1
DA:31,2
DA:32,2
DA:34,2
DA:35,2
DA:36,1
DA:38,1
DA:40,1
DA:43,1
DA:47,1
DA:48,3
DA:49,3
DA:50,2
DA:52,2
DA:54,2
DA:55,2
DA:56,1
DA:57,1
DA:59,2
DA:62,2
DA:64,2
DA:65,1
DA:66,1
DA:69,2
DA:73,1
DA:74,2
DA:75,2
DA:77,2
DA:80,2
DA:81,1
DA:83,1
DA:84,1
DA:85,1
DA:87,1
DA:91,2
DA:93,2
DA:94,1
DA:96,1
DA:98,1
DA:106,1
DA:107,1
DA:108,1
DA:109,1
DA:111,1
LF:60
LH:59
BRDA:11,0,0,1
BRDA:11,0,1,3
BRDA:14,1,0,1
BRDA:14,1,1,2
BRDA:17,2,0,2
BRDA:17,2,1,0
BRDA:49,3,0,1
BRDA:49,3,1,2
BRDA:55,4,0,1
BRDA:55,4,1,1
BRDA:64,5,0,1
BRDA:64,5,1,1
BRDA:83,6,0,1
BRDA:83,6,1,0
BRDA:93,7,0,1
BRDA:93,7,1,1
BRF:16
BRH:14
end_of_record
TN:
SF:routes/index.js
FN:8,(anonymous_0)
FNF:1
FNH:0
FNDA:0,(anonymous_0)
DA:1,1
DA:2,1
DA:4,1
DA:8,1
DA:9,0
DA:12,1
LF:6
LH:5
BRF:0
BRH:0
end_of_record
TN:
SF:routes/purpose.js
FN:5,(anonymous_0)
FNF:1
FNH:0
FNDA:0,(anonymous_0)
DA:1,1
DA:2,1
DA:5,1
DA:6,0
DA:9,1
LF:5
LH:4
BRF:0
BRH:0
end_of_record
TN:
SF:routes/users.js
FN:13,(anonymous_0)
FN:44,(anonymous_1)
FN:53,(anonymous_2)
FN:76,(anonymous_3)
FN:89,(anonymous_4)
FN:96,(anonymous_5)
FN:97,(anonymous_6)
FN:104,(anonymous_7)
FN:128,(anonymous_8)
FNF:9
FNH:5
FNDA:2,(anonymous_0)
FNDA:1,(anonymous_1)
FNDA:11,(anonymous_2)
FNDA:1,(anonymous_3)
FNDA:0,(anonymous_4)
FNDA:0,(anonymous_5)
FNDA:0,(anonymous_6)
FNDA:1,(anonymous_7)
FNDA:0,(anonymous_8)
DA:1,1
DA:2,1
DA:3,1
DA:5,1
DA:7,1
DA:8,1
DA:13,1
DA:15,2
DA:16,0
DA:18,2
DA:19,0
DA:21,2
DA:22,0
DA:24,2
DA:25,0
DA:27,2
DA:28,0
DA:30,2
DA:31,0
DA:33,2
DA:34,2
DA:36,0
DA:37,0
DA:40,0
DA:44,1
DA:45,1
DA:47,1
DA:49,1
DA:53,1
DA:56,11
DA:57,11
DA:58,11
DA:59,11
DA:61,9
DA:62,0
DA:64,9
DA:65,9
DA:67,0
DA:71,2
DA:76,1
DA:77,1
DA:78,1
DA:79,1
DA:80,1
DA:81,1
DA:83,0
DA:89,1
DA:92,0
DA:93,0
DA:95,0
DA:96,0
DA:97,0
DA:100,0
DA:104,1
DA:105,1
DA:107,1
DA:109,1
DA:110,1
DA:112,0
DA:118,1
DA:121,1
DA:124,1
DA:128,1
DA:130,1
LF:64
LH:45
BRDA:15,0,0,0
BRDA:15,0,1,2
BRDA:15,1,0,2
BRDA:15,1,1,0
BRDA:18,2,0,0
BRDA:18,2,1,2
BRDA:21,3,0,0
BRDA:21,3,1,2
BRDA:21,4,0,2
BRDA:21,4,1,0
BRDA:24,5,0,0
BRDA:24,5,1,2
BRDA:27,6,0,0
BRDA:27,6,1,2
BRDA:30,7,0,0
BRDA:30,7,1,2
BRDA:33,8,0,2
BRDA:33,8,1,0
BRDA:36,9,0,0
BRDA:36,9,1,0
BRDA:58,10,0,11
BRDA:58,10,1,0
BRDA:61,11,0,0
BRDA:61,11,1,9
BRDA:92,12,0,0
BRDA:92,12,1,0
BRDA:109,13,0,1
BRDA:109,13,1,0
BRDA:109,14,0,1
BRDA:109,14,1,1
BRF:30
BRH:14
end_of_record
TN:
SF:routes/expense/index.js
FN:9,(anonymous_0)
FN:40,(anonymous_1)
FN:57,(anonymous_2)
FN:77,(anonymous_3)
FN:99,(anonymous_4)
FN:111,(anonymous_5)
FN:115,(anonymous_6)
FN:125,(anonymous_7)
FN:132,(anonymous_8)
FNF:9
FNH:0
FNDA:0,(anonymous_0)
FNDA:0,(anonymous_1)
FNDA:0,(anonymous_2)
FNDA:0,(anonymous_3)
FNDA:0,(anonymous_4)
FNDA:0,(anonymous_5)
FNDA:0,(anonymous_6)
FNDA:0,(anonymous_7)
FNDA:0,(anonymous_8)
DA:1,1
DA:2,1
DA:3,1
DA:4,1
DA:6,1
DA:7,1
DA:9,1
DA:10,0
DA:12,0
DA:13,0
DA:14,0
DA:16,0
DA:17,0
DA:18,0
DA:19,0
DA:20,0
DA:23,0
DA:24,0
DA:26,0
DA:27,0
DA:29,0
DA:30,0
DA:33,0
DA:40,1
DA:41,0
DA:42,0
DA:43,0
DA:46,0
DA:47,0
DA:48,0
DA:49,0
DA:51,0
DA:53,0
DA:57,1
DA:58,0
DA:59,0
DA:61,0
DA:62,0
DA:64,0
DA:65,0
DA:66,0
DA:67,0
DA:68,0
DA:69,0
DA:71,0
DA:72,0
DA:74,0
DA:77,0
DA:78,0
DA:79,0
DA:80,0
DA:81,0
DA:82,0
DA:83,0
DA:85,0
DA:88,0
DA:90,0
DA:93,0
DA:95,0
DA:99,1
DA:100,0
DA:101,0
DA:102,0
DA:104,0
DA:105,0
DA:106,0
DA:108,0
DA:109,0
DA:111,0
DA:114,0
DA:115,0
DA:116,0
DA:119,0
DA:121,0
DA:125,1
DA:126,0
DA:127,0
DA:129,0
DA:130,0
DA:132,0
DA:134,0
DA:135,0
DA:136,0
DA:137,0
DA:139,0
DA:145,1
DA:146,1
DA:147,1
DA:148,1
DA:150,1
DA:151,1
DA:153,1
LF:92
LH:18
BRDA:10,0,0,0
BRDA:10,0,1,0
BRDA:13,1,0,0
BRDA:13,1,1,0
BRDA:16,2,0,0
BRDA:16,2,1,0
BRDA:17,3,0,0
BRDA:17,3,1,0
BRDA:18,4,0,0
BRDA:18,4,1,0
BRDA:23,5,0,0
BRDA:23,5,1,0
BRDA:26,6,0,0
BRDA:26,6,1,0
BRDA:29,7,0,0
BRDA:29,7,1,0
BRDA:61,8,0,0
BRDA:61,8,1,0
BRDA:61,9,0,0
BRDA:61,9,1,0
BRDA:61,9,2,0
BRDA:61,9,3,0
BRDA:64,10,0,0
BRDA:64,10,1,0
BRDA:65,11,0,0
BRDA:65,11,1,0
BRDA:67,12,0,0
BRDA:67,12,1,0
BRDA:68,13,0,0
BRDA:68,13,1,0
BRDA:78,14,0,0
BRDA:78,14,1,0
BRDA:79,15,0,0
BRDA:79,15,1,0
BRDA:80,16,0,0
BRDA:80,16,1,0
BRDA:81,17,0,0
BRDA:81,17,1,0
BRDA:82,18,0,0
BRDA:82,18,1,0
BRDA:88,19,0,0
BRDA:88,19,1,0
BRDA:104,20,0,0
BRDA:104,20,1,0
BRDA:104,21,0,0
BRDA:104,21,1,0
BRDA:105,22,0,0
BRDA:105,22,1,0
BRDA:106,23,0,0
BRDA:106,23,1,0
BRDA:108,24,0,0
BRDA:108,24,1,0
BRDA:108,25,0,0
BRDA:108,25,1,0
BRDA:111,26,0,0
BRDA:111,26,1,0
BRDA:114,27,0,0
BRDA:114,27,1,0
BRDA:134,28,0,0
BRDA:134,28,1,0
BRF:60
BRH:0
end_of_record
