TN:
SF:app.js
FN:19,(anonymous_0)
FNF:1
FNH:1
FNDA:86,(anonymous_0)
DA:1,4
DA:2,4
DA:3,4
DA:4,4
DA:6,4
DA:7,4
DA:8,4
DA:9,4
DA:10,4
DA:12,4
DA:14,4
DA:15,4
DA:16,4
DA:17,4
DA:18,4
DA:19,4
DA:20,86
DA:21,86
DA:25,4
DA:26,4
DA:27,4
DA:29,4
DA:30,4
DA:32,4
LF:24
LH:24
BRF:0
BRH:0
end_of_record
TN:
SF:config.js
FNF:0
FNH:0
DA:1,5
LF:1
LH:1
BRF:0
BRH:0
end_of_record
TN:
SF:db/client.js
FN:4,(anonymous_0)
FN:5,(anonymous_1)
FN:6,(anonymous_2)
FN:13,(anonymous_3)
FNF:4
FNH:4
FNDA:2,(anonymous_0)
FNDA:8,(anonymous_1)
FNDA:4,(anonymous_2)
FNDA:4,(anonymous_3)
DA:1,4
DA:2,4
DA:4,4
DA:5,8
DA:6,4
DA:8,4
DA:10,4
DA:12,4
DA:13,4
DA:15,4
LF:10
LH:10
BRF:0
BRH:0
end_of_record
TN:
SF:models/model.js
FN:7,(anonymous_0)
FN:9,(anonymous_1)
FN:11,(anonymous_2)
FN:45,(anonymous_3)
FNF:4
FNH:4
FNDA:17,(anonymous_0)
FNDA:7,(anonymous_1)
FNDA:4,(anonymous_2)
FNDA:16,(anonymous_3)
DA:1,5
DA:2,5
DA:4,5
DA:7,17
DA:9,7
DA:11,5
DA:13,5
DA:17,5
DA:24,5
DA:32,5
DA:45,5
DA:46,16
DA:47,7
DA:48,16
DA:51,5
LF:15
LH:15
BRDA:7,0,0,17
BRDA:7,0,1,16
BRDA:46,1,0,7
BRDA:46,1,1,9
BRF:4
BRH:4
end_of_record
TN:
SF:routes/category.js
FN:9,(anonymous_0)
FN:25,(anonymous_1)
FN:30,(anonymous_2)
FN:47,(anonymous_3)
FN:54,(anonymous_4)
FN:73,(anonymous_5)
FN:80,(anonymous_6)
FNF:7
FNH:7
FNDA:4,(anonymous_0)
FNDA:2,(anonymous_1)
FNDA:2,(anonymous_2)
FNDA:3,(anonymous_3)
FNDA:2,(anonymous_4)
FNDA:2,(anonymous_5)
FNDA:1,(anonymous_6)
DA:1,4
DA:2,4
DA:4,4
DA:5,4
DA:7,4
DA:9,4
DA:11,4
DA:12,1
DA:14,3
DA:15,1
DA:17,2
DA:18,2
DA:21,0
DA:25,4
DA:26,2
DA:27,2
DA:30,4
DA:31,2
DA:32,2
DA:34,2
DA:35,2
DA:36,1
DA:38,1
DA:40,1
DA:43,1
DA:47,4
DA:48,3
DA:49,3
DA:50,2
DA:52,2
DA:54,2
DA:55,2
DA:56,1
DA:57,1
DA:59,2
DA:62,2
DA:64,2
DA:65,1
DA:66,1
DA:69,2
DA:73,4
DA:74,2
DA:75,2
DA:77,2
DA:80,2
DA:81,1
DA:83,1
DA:84,1
DA:85,1
DA:87,1
DA:91,2
DA:93,2
DA:94,1
DA:96,1
DA:98,1
DA:106,4
DA:107,4
DA:108,4
DA:109,4
DA:111,4
LF:60
LH:59
BRDA:11,0,0,1
BRDA:11,0,1,3
BRDA:14,1,0,1
BRDA:14,1,1,2
BRDA:17,2,0,2
BRDA:17,2,1,0
BRDA:49,3,0,1
BRDA:49,3,1,2
BRDA:55,4,0,1
BRDA:55,4,1,1
BRDA:64,5,0,1
BRDA:64,5,1,1
BRDA:83,6,0,1
BRDA:83,6,1,0
BRDA:93,7,0,1
BRDA:93,7,1,1
BRF:16
BRH:14
end_of_record
TN:
SF:routes/index.js
FN:8,(anonymous_0)
FNF:1
FNH:0
FNDA:0,(anonymous_0)
DA:1,4
DA:2,4
DA:4,4
DA:8,4
DA:9,0
DA:12,4
LF:6
LH:5
BRF:0
BRH:0
end_of_record
TN:
SF:routes/users.js
FN:13,(anonymous_0)
FN:44,(anonymous_1)
FN:53,(anonymous_2)
FN:76,(anonymous_3)
FN:89,(anonymous_4)
FN:96,(anonymous_5)
FN:97,(anonymous_6)
FN:104,(anonymous_7)
FN:128,(anonymous_8)
FNF:9
FNH:8
FNDA:15,(anonymous_0)
FNDA:7,(anonymous_1)
FNDA:75,(anonymous_2)
FNDA:10,(anonymous_3)
FNDA:2,(anonymous_4)
FNDA:1,(anonymous_5)
FNDA:0,(anonymous_6)
FNDA:4,(anonymous_7)
FNDA:1,(anonymous_8)
DA:1,4
DA:2,4
DA:3,4
DA:5,4
DA:7,4
DA:8,4
DA:13,4
DA:15,15
DA:16,2
DA:18,13
DA:19,1
DA:21,12
DA:22,1
DA:24,11
DA:25,1
DA:27,10
DA:28,1
DA:30,9
DA:31,0
DA:33,9
DA:34,8
DA:36,1
DA:37,1
DA:40,0
DA:44,4
DA:45,7
DA:47,7
DA:49,7
DA:53,4
DA:56,75
DA:57,75
DA:58,74
DA:59,73
DA:61,67
DA:62,2
DA:64,65
DA:65,65
DA:67,1
DA:71,8
DA:76,4
DA:77,10
DA:78,10
DA:79,10
DA:80,7
DA:81,5
DA:83,5
DA:89,4
DA:92,2
DA:93,1
DA:95,1
DA:96,1
DA:97,0
DA:100,1
DA:104,4
DA:105,4
DA:107,4
DA:109,4
DA:110,4
DA:112,0
DA:118,4
DA:121,4
DA:124,4
DA:128,4
DA:130,4
LF:64
LH:60
BRDA:15,0,0,2
BRDA:15,0,1,13
BRDA:15,1,0,15
BRDA:15,1,1,2
BRDA:18,2,0,1
BRDA:18,2,1,12
BRDA:21,3,0,1
BRDA:21,3,1,11
BRDA:21,4,0,12
BRDA:21,4,1,2
BRDA:24,5,0,1
BRDA:24,5,1,10
BRDA:27,6,0,1
BRDA:27,6,1,9
BRDA:30,7,0,0
BRDA:30,7,1,9
BRDA:33,8,0,8
BRDA:33,8,1,1
BRDA:36,9,0,1
BRDA:36,9,1,0
BRDA:58,10,0,73
BRDA:58,10,1,1
BRDA:61,11,0,2
BRDA:61,11,1,65
BRDA:92,12,0,1
BRDA:92,12,1,1
BRDA:109,13,0,4
BRDA:109,13,1,0
BRDA:109,14,0,4
BRDA:109,14,1,4
BRF:30
BRH:27
end_of_record
TN:
SF:routes/expense/index.js
FN:9,(anonymous_0)
FN:40,(anonymous_1)
FN:57,(anonymous_2)
FN:77,(anonymous_3)
FN:99,(anonymous_4)
FN:111,(anonymous_5)
FN:115,(anonymous_6)
FN:125,(anonymous_7)
FN:132,(anonymous_8)
FNF:9
FNH:5
FNDA:25,(anonymous_0)
FNDA:7,(anonymous_1)
FNDA:9,(anonymous_2)
FNDA:0,(anonymous_3)
FNDA:8,(anonymous_4)
FNDA:0,(anonymous_5)
FNDA:0,(anonymous_6)
FNDA:3,(anonymous_7)
FNDA:0,(anonymous_8)
DA:1,4
DA:2,4
DA:3,4
DA:4,4
DA:6,4
DA:7,4
DA:9,4
DA:10,25
DA:12,11
DA:13,11
DA:14,1
DA:16,10
DA:17,3
DA:18,2
DA:19,2
DA:20,1
DA:23,7
DA:24,5
DA:26,2
DA:27,2
DA:29,0
DA:30,0
DA:33,0
DA:40,4
DA:41,7
DA:42,7
DA:43,7
DA:46,7
DA:47,7
DA:48,3
DA:49,2
DA:51,2
DA:53,5
DA:57,4
DA:58,9
DA:59,9
DA:61,9
DA:62,2
DA:64,7
DA:65,2
DA:66,1
DA:67,6
DA:68,2
DA:69,1
DA:71,5
DA:72,5
DA:74,5
DA:77,5
DA:78,0
DA:79,0
DA:80,0
DA:81,0
DA:82,0
DA:83,0
DA:85,0
DA:88,0
DA:90,0
DA:93,0
DA:95,9
DA:99,4
DA:100,8
DA:101,8
DA:102,8
DA:104,8
DA:105,6
DA:106,6
DA:108,6
DA:109,3
DA:111,3
DA:114,2
DA:115,1
DA:116,0
DA:119,1
DA:121,8
DA:125,4
DA:126,3
DA:127,3
DA:129,3
DA:130,3
DA:132,0
DA:134,0
DA:135,0
DA:136,0
DA:137,0
DA:139,3
DA:145,4
DA:146,4
DA:147,4
DA:148,4
DA:150,4
DA:151,4
DA:153,4
LF:92
LH:73
BRDA:10,0,0,11
BRDA:10,0,1,14
BRDA:13,1,0,1
BRDA:13,1,1,10
BRDA:16,2,0,3
BRDA:16,2,1,7
BRDA:17,3,0,2
BRDA:17,3,1,1
BRDA:18,4,0,2
BRDA:18,4,1,0
BRDA:23,5,0,5
BRDA:23,5,1,2
BRDA:26,6,0,2
BRDA:26,6,1,0
BRDA:29,7,0,0
BRDA:29,7,1,0
BRDA:61,8,0,2
BRDA:61,8,1,7
BRDA:61,9,0,9
BRDA:61,9,1,7
BRDA:61,9,2,5
BRDA:61,9,3,3
BRDA:64,10,0,2
BRDA:64,10,1,5
BRDA:65,11,0,1
BRDA:65,11,1,1
BRDA:67,12,0,2
BRDA:67,12,1,4
BRDA:68,13,0,1
BRDA:68,13,1,1
BRDA:78,14,0,0
BRDA:78,14,1,0
BRDA:79,15,0,0
BRDA:79,15,1,0
BRDA:80,16,0,0
BRDA:80,16,1,0
BRDA:81,17,0,0
BRDA:81,17,1,0
BRDA:82,18,0,0
BRDA:82,18,1,0
BRDA:88,19,0,0
BRDA:88,19,1,0
BRDA:104,20,0,6
BRDA:104,20,1,2
BRDA:104,21,0,8
BRDA:104,21,1,4
BRDA:105,22,0,6
BRDA:105,22,1,2
BRDA:106,23,0,6
BRDA:106,23,1,2
BRDA:108,24,0,3
BRDA:108,24,1,3
BRDA:108,25,0,6
BRDA:108,25,1,4
BRDA:111,26,0,0
BRDA:111,26,1,0
BRDA:114,27,0,1
BRDA:114,27,1,1
BRDA:134,28,0,0
BRDA:134,28,1,0
BRF:60
BRH:40
end_of_record
TN:
SF:routes/purpose/index.js
FN:7,(anonymous_0)
FN:39,(anonymous_1)
FN:57,(anonymous_2)
FN:67,(anonymous_3)
FN:98,(anonymous_4)
FN:108,(anonymous_5)
FN:121,(anonymous_6)
FN:123,(anonymous_7)
FN:133,(anonymous_8)
FN:143,(anonymous_9)
FN:160,(anonymous_10)
FNF:11
FNH:6
FNDA:22,(anonymous_0)
FNDA:8,(anonymous_1)
FNDA:11,(anonymous_2)
FNDA:6,(anonymous_3)
FNDA:4,(anonymous_4)
FNDA:0,(anonymous_5)
FNDA:0,(anonymous_6)
FNDA:0,(anonymous_7)
FNDA:4,(anonymous_8)
FNDA:0,(anonymous_9)
FNDA:0,(anonymous_10)
DA:1,4
DA:2,4
DA:3,4
DA:4,4
DA:5,4
DA:7,4
DA:8,22
DA:10,8
DA:11,8
DA:12,1
DA:14,7
DA:15,2
DA:16,1
DA:17,1
DA:18,1
DA:21,5
DA:22,1
DA:24,4
DA:25,1
DA:27,3
DA:28,1
DA:30,2
DA:31,2
DA:34,0
DA:39,4
DA:40,8
DA:41,8
DA:43,8
DA:45,8
DA:46,8
DA:47,3
DA:48,2
DA:50,2
DA:52,6
DA:57,4
DA:58,11
DA:59,11
DA:60,11
DA:62,11
DA:63,2
DA:65,9
DA:67,9
DA:69,6
DA:70,3
DA:78,3
DA:81,3
DA:84,3
DA:85,3
DA:87,0
DA:89,3
DA:91,3
DA:93,8
DA:98,4
DA:99,4
DA:100,4
DA:103,4
DA:105,4
DA:106,1
DA:108,1
DA:109,0
DA:110,0
DA:111,0
DA:115,0
DA:116,0
DA:120,3
DA:121,1
DA:122,2
DA:123,1
DA:125,1
DA:128,4
DA:133,4
DA:134,4
DA:135,4
DA:136,4
DA:138,4
DA:140,4
DA:142,4
DA:143,2
DA:144,0
DA:145,0
DA:146,0
DA:148,0
DA:154,2
DA:155,1
DA:159,1
DA:160,1
DA:162,0
DA:163,0
DA:165,0
DA:166,0
DA:172,0
DA:173,0
DA:174,0
DA:175,0
DA:178,4
DA:183,4
DA:185,4
DA:186,4
DA:188,4
DA:189,4
DA:191,4
DA:192,4
DA:194,4
LF:103
LH:84
BRDA:8,0,0,8
BRDA:8,0,1,14
BRDA:11,1,0,1
BRDA:11,1,1,7
BRDA:14,2,0,2
BRDA:14,2,1,5
BRDA:15,3,0,1
BRDA:15,3,1,1
BRDA:16,4,0,1
BRDA:16,4,1,0
BRDA:21,5,0,1
BRDA:21,5,1,4
BRDA:24,6,0,1
BRDA:24,6,1,3
BRDA:27,7,0,1
BRDA:27,7,1,2
BRDA:30,8,0,2
BRDA:30,8,1,0
BRDA:62,9,0,2
BRDA:62,9,1,9
BRDA:62,10,0,11
BRDA:62,10,1,8
BRDA:62,10,2,6
BRDA:62,10,3,4
BRDA:69,11,0,3
BRDA:69,11,1,3
BRDA:72,12,0,1
BRDA:72,12,1,2
BRDA:73,13,0,1
BRDA:73,13,1,2
BRDA:74,14,0,0
BRDA:74,14,1,3
BRDA:75,15,0,1
BRDA:75,15,1,2
BRDA:84,16,0,3
BRDA:84,16,1,0
BRDA:105,17,0,1
BRDA:105,17,1,3
BRDA:109,18,0,0
BRDA:109,18,1,0
BRDA:115,19,0,0
BRDA:115,19,1,0
BRDA:120,20,0,1
BRDA:120,20,1,2
BRDA:122,21,0,1
BRDA:122,21,1,1
BRDA:142,22,0,2
BRDA:142,22,1,2
BRDA:144,23,0,0
BRDA:144,23,1,0
BRDA:154,24,0,1
BRDA:154,24,1,1
BRDA:154,25,0,2
BRDA:154,25,1,2
BRDA:159,26,0,1
BRDA:159,26,1,0
BRDA:162,27,0,0
BRDA:162,27,1,0
BRDA:173,28,0,0
BRDA:173,28,1,0
BRF:60
BRH:45
end_of_record
